SF:lib\entities\genre.dart
DA:4,3
DA:12,0
DA:13,0
LF:3
LH:1
end_of_record
SF:lib\widgets\watchlist_movie.dart
DA:14,2
DA:16,2
DA:18,4
DA:19,2
DA:20,0
DA:21,0
DA:22,0
DA:24,2
DA:27,2
DA:28,2
DA:30,2
DA:32,2
DA:33,6
DA:35,0
DA:45,2
DA:48,2
DA:49,2
DA:50,2
DA:51,2
DA:52,4
DA:55,2
DA:61,2
DA:62,2
DA:63,2
DA:64,8
DA:66,2
DA:72,2
DA:73,6
DA:74,2
DA:81,2
DA:82,2
DA:83,2
DA:84,10
DA:87,2
DA:92,2
DA:93,2
DA:97,2
DA:98,0
DA:100,0
DA:101,0
DA:102,0
DA:104,0
DA:105,0
DA:106,0
DA:107,0
DA:108,0
DA:109,0
DA:111,0
DA:114,0
DA:115,0
DA:117,0
DA:118,0
DA:119,0
DA:121,0
LF:54
LH:33
end_of_record
SF:lib\utils\constants.dart
DA:14,3
DA:17,1
DA:18,6
DA:20,9
DA:24,3
DA:25,0
DA:30,0
DA:34,0
DA:35,9
DA:39,3
DA:40,9
DA:45,0
DA:49,0
DA:50,0
DA:51,0
DA:52,0
DA:53,0
DA:54,0
LF:18
LH:8
end_of_record
SF:lib\utils\ssl_pinning.dart
DA:5,0
DA:6,0
DA:8,0
DA:9,0
DA:10,0
LF:5
LH:0
end_of_record
SF:lib\utils\exception.dart
DA:6,0
LF:1
LH:0
end_of_record
SF:lib\utils\failure.dart
DA:6,8
DA:8,0
DA:9,0
DA:13,8
DA:17,8
DA:21,0
DA:25,0
LF:7
LH:3
end_of_record
SF:lib\utils\utils.dart
DA:3,3
LF:1
LH:1
end_of_record
SF:lib\db\database_helper.dart
DA:8,0
DA:12,0
DA:16,0
DA:17,0
DA:24,0
DA:25,0
DA:26,0
DA:28,0
DA:32,0
DA:33,0
DA:41,0
DA:42,0
DA:50,0
DA:53,0
DA:54,0
DA:55,0
DA:58,0
DA:59,0
DA:60,0
DA:63,0
DA:67,0
DA:68,0
DA:69,0
DA:72,0
DA:75,0
DA:76,0
DA:82,0
DA:83,0
DA:84,0
DA:89,0
DA:90,0
DA:91,0
DA:94,0
DA:95,0
DA:96,0
DA:99,0
DA:103,0
DA:104,0
DA:105,0
DA:108,0
DA:111,0
DA:112,0
DA:118,0
DA:119,0
DA:121,0
LF:45
LH:0
end_of_record
SF:lib\pages\watchlist_page.dart
DA:12,1
DA:14,1
DA:15,1
DA:19,1
DA:21,1
DA:22,2
DA:23,4
DA:25,2
DA:26,4
DA:30,1
DA:32,1
DA:33,4
DA:36,0
DA:38,0
DA:39,0
DA:42,1
DA:44,1
DA:46,1
DA:49,1
DA:51,1
DA:54,1
DA:56,1
DA:57,1
DA:59,1
DA:61,1
DA:64,1
DA:65,1
DA:66,1
DA:67,1
DA:68,2
DA:69,0
DA:71,1
DA:72,1
DA:73,2
DA:74,1
DA:76,2
DA:80,1
DA:81,1
DA:82,1
DA:87,1
DA:89,1
DA:91,1
DA:94,1
DA:95,1
DA:96,1
DA:97,1
DA:98,2
DA:99,0
DA:101,1
DA:102,1
DA:103,2
DA:104,1
DA:106,2
DA:110,1
DA:111,1
DA:112,1
LF:56
LH:51
end_of_record
SF:lib\model\genre_model.dart
DA:5,0
DA:13,0
DA:14,0
DA:15,0
DA:18,0
DA:19,0
DA:20,0
DA:23,0
DA:24,0
DA:27,0
DA:28,0
LF:11
LH:0
end_of_record
SF:lib\widgets\drawer.dart
DA:8,37
DA:10,1
DA:12,1
DA:13,1
DA:15,1
DA:16,1
DA:18,1
DA:19,1
DA:21,1
DA:23,1
DA:27,1
DA:29,1
DA:31,1
DA:32,1
DA:34,0
DA:35,0
DA:39,1
DA:41,1
DA:43,1
DA:45,1
DA:47,1
DA:48,1
DA:50,0
DA:51,0
DA:55,1
DA:57,1
DA:59,1
DA:61,1
DA:63,1
DA:64,1
DA:66,0
DA:67,0
DA:71,1
DA:73,1
DA:75,1
DA:77,1
DA:79,1
DA:80,1
DA:82,0
DA:83,0
DA:88,1
DA:90,1
DA:92,1
DA:93,1
DA:95,0
DA:96,0
DA:100,1
DA:102,1
DA:104,1
DA:106,1
DA:108,1
DA:109,1
DA:111,0
DA:112,0
DA:116,1
DA:118,1
DA:120,1
DA:122,1
DA:124,1
DA:125,1
DA:127,0
DA:128,0
DA:131,1
DA:133,1
DA:135,1
DA:137,1
DA:139,1
DA:140,1
DA:142,0
DA:143,0
DA:148,1
DA:151,1
DA:153,1
DA:154,1
DA:156,0
DA:157,0
LF:76
LH:58
end_of_record
SF:lib\widgets\watchlist_card.dart
DA:12,2
DA:14,2
DA:16,4
DA:17,2
DA:18,0
DA:19,0
DA:20,0
DA:22,2
DA:25,2
DA:26,2
DA:28,2
DA:30,2
DA:31,6
DA:33,0
DA:43,2
DA:46,2
DA:47,2
DA:48,2
DA:49,2
DA:50,4
DA:53,2
DA:59,2
DA:60,2
DA:61,2
DA:62,8
DA:64,2
DA:70,2
DA:71,6
DA:72,2
DA:79,2
DA:80,2
DA:81,2
DA:82,10
DA:84,4
DA:87,2
DA:92,2
DA:93,2
DA:97,2
DA:98,0
DA:100,0
DA:101,0
DA:102,0
DA:104,0
DA:105,0
DA:106,0
DA:107,0
DA:108,0
DA:109,0
DA:111,0
DA:114,0
DA:115,0
DA:117,0
DA:118,0
DA:119,0
DA:121,0
LF:55
LH:34
end_of_record
SF:lib\utils\shared.dart
DA:9,0
DA:10,0
DA:12,0
DA:13,0
DA:14,0
DA:15,0
DA:16,0
DA:17,0
DA:18,0
DA:19,0
DA:20,0
DA:21,0
DA:23,0
DA:27,0
DA:30,0
DA:31,0
DA:32,0
DA:37,0
DA:38,0
LF:19
LH:0
end_of_record
