SF:lib\data\datasource\series_api_datasource.dart
DA:25,1
DA:27,1
DA:30,4
DA:31,2
DA:32,3
DA:34,1
DA:38,1
DA:41,4
DA:42,2
DA:43,4
DA:45,1
DA:49,1
DA:51,4
DA:52,2
DA:53,3
DA:55,1
DA:59,1
DA:62,4
DA:63,2
DA:64,4
DA:66,1
DA:70,1
DA:72,4
DA:73,2
DA:74,4
DA:76,1
DA:80,1
DA:83,4
DA:84,2
DA:85,4
DA:87,1
DA:91,1
DA:94,4
DA:95,2
DA:96,4
DA:98,1
LF:36
LH:36
end_of_record
SF:lib\data\models\season_detail.dart
DA:6,31
DA:26,2
DA:27,1
DA:28,1
DA:29,1
DA:30,4
DA:31,1
DA:32,1
DA:33,1
DA:34,1
DA:35,1
DA:38,0
DA:39,0
DA:40,0
DA:41,0
DA:42,0
DA:43,0
DA:44,0
DA:45,0
DA:46,0
DA:49,2
DA:50,2
DA:51,2
DA:52,2
DA:53,6
DA:54,2
DA:55,2
DA:56,2
DA:57,2
DA:58,2
DA:62,1
DA:63,1
DA:64,1
DA:65,1
DA:66,1
DA:67,1
DA:68,1
DA:69,1
DA:70,1
DA:71,1
LF:40
LH:31
end_of_record
SF:lib\data\models\series_detail_model.dart
DA:6,3
DA:58,2
DA:59,1
DA:60,4
DA:61,2
DA:62,1
DA:63,4
DA:64,1
DA:65,1
DA:66,1
DA:67,4
DA:68,2
DA:69,1
DA:70,1
DA:71,1
DA:72,1
DA:73,4
DA:74,1
DA:75,1
DA:76,1
DA:77,2
DA:78,1
DA:79,1
DA:80,1
DA:81,1
DA:82,2
DA:83,1
DA:86,0
DA:87,0
DA:88,0
DA:90,0
DA:91,0
DA:92,0
DA:93,0
DA:94,0
DA:95,0
DA:97,0
DA:98,0
DA:99,0
DA:100,0
DA:101,0
DA:102,0
DA:103,0
DA:104,0
DA:105,0
DA:106,0
DA:107,0
DA:108,0
DA:109,0
DA:110,0
DA:111,0
DA:112,0
DA:115,2
DA:116,2
DA:117,2
DA:118,2
DA:119,2
DA:120,10
DA:121,2
DA:122,2
DA:123,2
DA:124,2
DA:125,2
DA:126,2
DA:127,2
DA:128,2
DA:129,2
DA:130,2
DA:131,2
DA:132,2
DA:133,2
DA:134,2
DA:135,2
DA:136,2
DA:137,2
DA:138,2
DA:139,2
DA:140,2
DA:144,1
DA:145,1
DA:146,1
DA:147,1
DA:148,1
DA:149,1
DA:150,1
DA:151,1
DA:152,1
DA:153,1
DA:154,1
DA:155,1
DA:156,1
DA:157,1
DA:158,1
DA:159,1
DA:160,1
DA:161,1
DA:162,1
DA:163,1
DA:164,1
DA:165,1
DA:166,1
DA:167,1
DA:168,1
DA:169,1
LF:104
LH:79
end_of_record
SF:lib\data\models\series_response.dart
DA:7,3
DA:9,4
DA:10,4
DA:11,6
DA:12,6
DA:15,2
DA:16,5
DA:19,1
DA:20,2
LF:9
LH:9
end_of_record
SF:lib\data\models\series_model.dart
DA:5,34
DA:33,4
DA:34,2
DA:35,2
DA:36,2
DA:37,2
DA:38,8
DA:39,2
DA:40,2
DA:41,2
DA:42,4
DA:43,2
DA:44,8
DA:45,2
DA:48,2
DA:49,1
DA:50,1
DA:51,1
DA:52,1
DA:53,4
DA:54,1
DA:55,1
DA:56,1
DA:57,1
DA:58,1
DA:59,1
DA:62,2
DA:63,2
DA:64,2
DA:65,2
DA:66,2
DA:67,2
DA:68,2
DA:69,2
DA:70,2
DA:71,2
DA:72,2
DA:73,2
DA:74,2
DA:75,2
DA:78,2
DA:79,2
DA:80,2
DA:81,2
DA:82,2
DA:83,2
DA:84,2
DA:85,2
DA:86,2
DA:87,2
DA:88,2
DA:89,2
DA:90,2
LF:53
LH:53
end_of_record
SF:lib\data\models\watchlist_model.dart
DA:11,31
DA:19,0
DA:20,0
DA:21,0
DA:22,0
DA:23,0
DA:24,0
DA:26,2
DA:27,1
DA:28,1
DA:29,1
DA:30,1
DA:31,1
DA:34,0
DA:35,0
DA:36,0
DA:37,0
DA:38,0
DA:39,0
DA:42,2
DA:43,1
DA:44,1
DA:45,1
DA:46,1
DA:47,1
DA:49,1
DA:50,6
LF:27
LH:15
end_of_record
SF:lib\domain\entities\detail.dart
DA:5,8
DA:32,1
DA:64,3
DA:65,3
DA:66,3
DA:67,3
DA:68,3
DA:69,3
DA:70,3
DA:71,3
DA:72,3
DA:73,3
DA:74,3
DA:75,3
DA:76,3
DA:77,3
DA:78,3
DA:79,3
DA:80,3
DA:81,3
DA:82,3
DA:83,3
DA:84,3
DA:85,3
DA:86,3
DA:87,3
DA:88,3
DA:89,3
LF:28
LH:28
end_of_record
SF:lib\domain\entities\season.dart
DA:5,32
DA:25,3
DA:26,3
DA:27,3
DA:28,3
DA:29,3
DA:30,3
DA:31,3
DA:32,3
DA:33,3
DA:34,3
LF:11
LH:11
end_of_record
SF:lib\domain\entities\series.dart
DA:4,33
DA:32,7
DA:33,7
DA:34,7
DA:35,7
DA:36,7
DA:37,7
DA:38,7
DA:39,7
DA:40,7
DA:41,7
DA:42,7
DA:43,7
DA:44,7
LF:14
LH:14
end_of_record
SF:lib\data\datasource\series_local_datasource.dart
DA:14,1
DA:16,1
DA:19,2
DA:22,2
DA:26,1
DA:29,2
DA:32,2
DA:36,1
DA:38,2
DA:40,1
DA:46,1
DA:48,2
DA:49,4
LF:13
LH:13
end_of_record
SF:lib\data\models\episode_model.dart
DA:5,31
DA:29,2
DA:30,1
DA:31,1
DA:32,1
DA:33,1
DA:34,1
DA:35,1
DA:36,1
DA:37,1
DA:38,2
DA:39,1
DA:42,0
DA:43,0
DA:44,0
DA:45,0
DA:46,0
DA:47,0
DA:48,0
DA:49,0
DA:50,0
DA:51,0
DA:52,0
DA:55,1
DA:56,1
DA:57,1
DA:58,1
DA:59,1
DA:60,1
DA:61,1
DA:62,1
DA:63,1
DA:64,1
DA:65,1
DA:66,1
DA:70,1
DA:71,1
DA:72,1
DA:73,1
DA:74,1
DA:75,1
DA:76,1
DA:77,1
DA:78,1
DA:79,1
DA:80,1
DA:81,1
LF:47
LH:36
end_of_record
SF:lib\domain\entities\episode.dart
DA:4,31
DA:28,1
DA:29,1
DA:30,1
DA:31,1
DA:32,1
DA:33,1
DA:34,1
DA:35,1
DA:36,1
DA:37,1
DA:38,1
DA:39,1
LF:13
LH:13
end_of_record
SF:lib\data\repositories\series_repository_impl.dart
DA:16,1
DA:21,1
DA:24,2
DA:25,2
DA:26,1
DA:28,1
DA:30,1
DA:31,3
DA:35,1
DA:38,2
DA:39,5
DA:40,1
DA:42,1
DA:44,1
DA:45,3
DA:49,1
DA:52,2
DA:53,2
DA:54,1
DA:56,1
DA:58,1
DA:59,3
DA:63,1
DA:66,2
DA:67,5
DA:68,1
DA:70,1
DA:72,1
DA:73,3
DA:77,1
DA:80,2
DA:81,5
DA:82,1
DA:84,1
DA:86,1
DA:87,3
DA:91,1
DA:94,2
DA:95,5
DA:96,1
DA:98,1
DA:100,1
DA:101,3
DA:105,1
DA:108,2
DA:109,5
DA:110,1
DA:112,1
DA:114,1
DA:115,3
DA:119,0
DA:123,0
DA:124,0
DA:125,0
DA:126,0
DA:130,0
DA:134,0
DA:135,0
DA:136,0
DA:137,0
DA:141,1
DA:143,2
DA:147,1
DA:149,2
DA:150,5
LF:65
LH:55
end_of_record
SF:lib\domain\usecases\add_watchlist.dart
DA:9,1
DA:11,1
DA:12,2
LF:3
LH:3
end_of_record
SF:lib\domain\usecases\get_on_air_series.dart
DA:9,1
DA:11,1
DA:12,2
LF:3
LH:3
end_of_record
SF:lib\domain\usecases\get_popular_series.dart
DA:9,1
DA:11,1
DA:12,2
LF:3
LH:3
end_of_record
SF:lib\domain\usecases\get_season.dart
DA:8,1
DA:10,1
DA:11,2
LF:3
LH:3
end_of_record
SF:lib\domain\usecases\get_series_detail.dart
DA:10,1
DA:12,1
DA:13,2
DA:16,6
DA:17,6
DA:21,1
DA:22,1
LF:7
LH:7
end_of_record
SF:lib\domain\usecases\get_series_recommendations.dart
DA:9,1
DA:11,1
DA:12,2
LF:3
LH:3
end_of_record
SF:lib\domain\usecases\get_top_rated_series.dart
DA:9,1
DA:11,1
DA:12,2
LF:3
LH:3
end_of_record
SF:lib\domain\usecases\get_watchlist.dart
DA:9,1
DA:11,1
DA:12,2
LF:3
LH:3
end_of_record
SF:lib\domain\usecases\get_watchlist_status.dart
DA:6,1
DA:8,1
DA:9,2
LF:3
LH:3
end_of_record
SF:lib\domain\usecases\remove_watchlist.dart
DA:9,1
DA:11,1
DA:12,2
LF:3
LH:3
end_of_record
SF:lib\domain\usecases\search_series.dart
DA:9,1
DA:11,1
DA:12,2
LF:3
LH:3
end_of_record
SF:lib\presentation\bloc\series_event.dart
DA:4,14
DA:10,2
DA:21,2
DA:26,2
DA:32,1
DA:39,2
DA:44,1
DA:49,1
DA:52,1
DA:53,3
LF:10
LH:10
end_of_record
SF:lib\presentation\bloc\series_state.dart
DA:4,30
DA:6,8
DA:7,8
DA:17,23
DA:19,8
DA:20,16
DA:26,3
DA:28,1
DA:29,2
DA:35,11
DA:37,5
DA:38,10
DA:44,2
DA:46,1
DA:47,2
DA:53,1
DA:55,1
DA:56,2
DA:62,2
DA:64,1
DA:65,2
DA:71,3
DA:73,1
DA:74,2
LF:24
LH:24
end_of_record
SF:lib\presentation\bloc\series_bloc.dart
DA:14,3
DA:15,2
DA:16,1
DA:17,1
DA:18,2
DA:20,2
DA:21,1
DA:22,2
DA:23,2
DA:25,2
DA:26,1
DA:35,3
DA:36,2
DA:37,1
DA:38,2
DA:39,2
DA:40,1
DA:41,2
DA:42,2
DA:44,2
DA:45,1
DA:48,1
DA:55,3
DA:56,2
DA:57,2
DA:59,2
DA:61,1
DA:62,2
DA:63,2
DA:65,2
DA:66,1
DA:76,3
DA:77,2
DA:78,2
DA:80,2
DA:82,1
DA:83,2
DA:84,2
DA:86,2
DA:87,1
DA:97,3
DA:98,2
DA:99,2
DA:101,2
DA:103,1
DA:104,2
DA:105,2
DA:107,2
DA:108,1
DA:118,3
DA:119,2
DA:120,1
DA:122,2
DA:124,2
DA:126,1
DA:127,2
DA:128,2
DA:130,2
DA:131,1
DA:141,1
DA:142,2
DA:143,2
DA:144,1
DA:145,2
DA:147,2
DA:148,1
DA:149,2
DA:150,2
DA:152,2
DA:153,1
DA:169,1
DA:174,2
DA:175,2
DA:176,2
DA:177,2
DA:178,1
DA:179,2
DA:180,2
DA:182,2
DA:183,1
DA:188,2
DA:189,1
DA:191,2
DA:194,2
DA:195,2
DA:198,2
DA:199,1
DA:201,2
DA:204,2
DA:206,1
DA:207,2
DA:208,2
DA:210,2
DA:211,1
DA:216,2
DA:217,1
DA:219,2
DA:222,2
DA:224,1
DA:225,2
DA:226,2
DA:228,2
DA:229,1
LF:103
LH:103
end_of_record
SF:lib\presentation\pages\detail_series_page.dart
DA:11,1
DA:14,1
DA:15,1
DA:19,1
DA:21,1
DA:22,2
DA:23,6
DA:24,1
DA:25,1
DA:26,4
DA:27,1
DA:28,1
DA:29,4
DA:33,1
DA:35,2
DA:36,1
DA:37,1
DA:38,1
DA:39,1
DA:43,1
DA:44,1
DA:45,1
DA:46,1
DA:47,1
DA:49,3
DA:51,1
DA:53,2
DA:54,1
DA:55,1
DA:58,1
DA:61,1
DA:62,1
DA:64,1
DA:66,1
DA:67,0
DA:68,0
DA:82,1
DA:83,4
DA:84,1
DA:93,3
DA:95,1
DA:97,1
DA:98,1
DA:99,1
DA:100,1
DA:101,1
DA:102,2
DA:103,1
DA:106,1
DA:108,1
DA:111,1
DA:112,1
DA:113,2
DA:114,1
DA:115,1
DA:116,1
DA:118,1
DA:120,1
DA:124,1
DA:126,4
DA:127,1
DA:128,9
DA:129,1
DA:131,0
DA:132,0
DA:133,0
DA:135,1
DA:137,1
DA:141,1
DA:143,1
DA:144,3
DA:145,1
DA:150,1
DA:155,1
DA:164,1
DA:165,1
DA:166,1
DA:167,1
DA:168,0
DA:169,0
DA:171,0
DA:172,0
DA:173,0
DA:174,0
DA:177,0
DA:178,0
DA:181,0
DA:182,0
DA:183,0
DA:184,0
DA:187,0
DA:188,0
DA:191,1
DA:193,1
DA:198,1
DA:200,1
DA:202,1
DA:204,1
DA:205,1
DA:212,0
DA:214,0
DA:216,0
DA:221,0
DA:223,0
DA:225,0
DA:227,0
DA:234,1
DA:237,1
DA:241,1
DA:244,1
DA:247,1
DA:248,1
DA:250,1
DA:255,1
DA:256,4
DA:258,2
DA:259,1
DA:265,1
DA:268,1
DA:270,1
DA:273,1
DA:275,1
DA:281,1
DA:283,1
DA:287,1
DA:289,2
DA:291,1
DA:292,1
DA:295,1
DA:297,0
DA:298,0
DA:300,0
DA:301,0
DA:302,0
DA:303,0
DA:304,0
DA:308,1
DA:309,1
DA:310,1
DA:313,1
DA:314,1
DA:315,2
DA:316,1
DA:329,1
DA:332,1
DA:334,1
DA:337,1
DA:339,1
DA:345,1
DA:346,1
DA:349,1
DA:351,1
DA:352,1
DA:356,1
DA:357,2
DA:358,1
DA:361,1
DA:363,1
DA:367,0
DA:369,0
DA:371,0
DA:372,0
DA:378,0
DA:379,0
DA:381,0
DA:395,1
DA:396,1
DA:398,1
LF:168
LH:128
end_of_record
SF:lib\presentation\widgets\card_series.dart
DA:10,1
DA:11,1
DA:13,1
DA:16,1
DA:17,0
DA:18,0
DA:21,0
DA:24,1
DA:26,1
DA:27,1
DA:31,1
DA:32,3
DA:36,1
DA:37,2
DA:40,1
LF:15
LH:12
end_of_record
SF:lib\presentation\pages\episode_detail_page.dart
DA:10,1
DA:13,1
DA:14,1
DA:18,1
DA:20,1
DA:21,2
DA:22,1
DA:23,1
DA:24,6
DA:28,1
DA:30,1
DA:31,1
DA:34,1
DA:35,3
DA:36,1
DA:39,1
DA:40,1
DA:41,1
DA:45,1
DA:46,1
DA:47,3
DA:48,0
DA:49,0
DA:50,0
DA:56,1
DA:57,1
DA:59,1
LF:27
LH:24
end_of_record
SF:lib\presentation\widgets\card_episode.dart
DA:7,0
DA:9,0
DA:11,0
DA:13,0
DA:14,0
DA:16,0
DA:17,0
DA:25,0
DA:26,0
DA:27,0
DA:28,0
DA:30,0
DA:31,0
DA:32,0
LF:14
LH:0
end_of_record
SF:lib\presentation\pages\home_series_page.dart
DA:12,1
DA:14,1
DA:15,1
DA:19,1
DA:21,1
DA:22,2
DA:23,4
DA:24,4
DA:25,4
DA:29,1
DA:31,1
DA:32,1
DA:34,1
DA:37,1
DA:39,1
DA:41,1
DA:42,1
DA:43,0
DA:44,0
DA:53,1
DA:55,1
DA:56,1
DA:58,1
DA:59,1
DA:61,1
DA:63,1
DA:65,1
DA:66,1
DA:67,1
DA:68,1
DA:69,1
DA:70,1
DA:74,1
DA:75,1
DA:78,1
DA:79,1
DA:82,1
DA:83,0
DA:84,0
DA:88,0
DA:91,1
DA:93,1
DA:94,2
DA:95,1
DA:99,1
DA:100,1
DA:102,1
DA:115,1
DA:118,0
DA:119,0
DA:121,1
DA:123,1
DA:124,1
DA:125,1
DA:126,1
DA:127,1
DA:128,1
DA:132,1
DA:133,1
DA:135,2
DA:136,1
DA:137,2
DA:138,1
DA:142,1
DA:143,1
DA:145,1
DA:155,1
DA:158,0
DA:159,0
DA:161,1
DA:163,1
DA:164,1
DA:165,1
DA:166,1
DA:167,1
DA:168,1
DA:172,1
DA:173,1
DA:176,2
DA:177,1
DA:178,2
DA:179,1
DA:183,1
DA:184,1
DA:186,1
DA:203,1
DA:205,1
DA:206,1
DA:208,1
DA:210,1
DA:211,1
DA:213,1
LF:92
LH:83
end_of_record
SF:lib\presentation\pages\on_air_series_page.dart
DA:12,1
DA:14,1
DA:15,1
DA:19,1
DA:21,1
DA:22,2
DA:23,4
DA:27,1
DA:29,1
DA:31,1
DA:34,1
DA:36,1
DA:38,1
DA:39,1
DA:40,0
DA:41,0
DA:50,1
DA:52,1
DA:53,1
DA:54,1
DA:58,1
DA:59,1
DA:60,2
DA:61,1
DA:62,2
DA:63,1
DA:67,1
DA:68,1
DA:70,1
LF:29
LH:27
end_of_record
SF:lib\presentation\pages\search_series_page.dart
DA:11,1
DA:13,1
DA:15,1
DA:16,0
DA:17,0
DA:18,0
DA:19,0
DA:22,1
DA:23,1
DA:24,1
DA:26,1
DA:28,1
DA:29,1
DA:30,0
DA:31,0
DA:40,1
DA:42,1
DA:44,1
DA:45,1
DA:46,0
DA:48,0
DA:49,0
DA:59,1
DA:61,1
DA:63,1
DA:64,1
DA:65,1
DA:66,1
DA:70,1
DA:71,2
DA:72,0
DA:73,0
DA:75,0
DA:78,1
DA:79,1
DA:80,2
DA:81,1
DA:83,2
DA:87,1
DA:88,1
DA:90,1
LF:41
LH:29
end_of_record
SF:lib\presentation\widgets\card_series_list.dart
DA:13,4
DA:15,4
DA:17,8
DA:18,4
DA:19,12
DA:20,0
DA:21,0
DA:22,0
DA:24,4
DA:26,4
DA:27,4
DA:29,4
DA:31,4
DA:32,12
DA:39,4
DA:42,4
DA:43,4
DA:44,4
DA:45,4
DA:46,8
DA:49,4
DA:55,4
DA:56,4
DA:57,4
DA:58,16
DA:60,4
DA:66,4
DA:67,12
DA:68,4
DA:75,4
DA:76,4
DA:77,4
DA:78,16
DA:80,8
DA:83,4
LF:35
LH:32
end_of_record
SF:lib\presentation\pages\popular_series_page.dart
DA:11,1
DA:13,1
DA:14,1
DA:18,1
DA:20,1
DA:21,2
DA:22,4
DA:26,1
DA:28,1
DA:30,1
DA:33,1
DA:35,1
DA:37,1
DA:38,1
DA:39,0
DA:40,0
DA:49,1
DA:51,1
DA:52,1
DA:53,1
DA:57,1
DA:58,1
DA:59,2
DA:60,1
DA:61,2
DA:62,1
DA:66,1
DA:67,1
DA:69,1
LF:29
LH:27
end_of_record
SF:lib\presentation\pages\top_rated_series_page.dart
DA:12,1
DA:14,1
DA:15,1
DA:19,1
DA:21,1
DA:22,2
DA:23,4
DA:27,1
DA:29,1
DA:31,1
DA:34,1
DA:36,1
DA:38,1
DA:39,1
DA:40,0
DA:41,0
DA:50,1
DA:52,1
DA:53,1
DA:54,1
DA:58,1
DA:59,1
DA:60,2
DA:61,1
DA:62,2
DA:63,1
DA:67,1
DA:68,1
DA:70,1
LF:29
LH:27
end_of_record
