SF:./movies/lib\data\datasource\movie_local_data_source.dart
DA:14,1
DA:16,1
DA:19,2
DA:22,2
DA:26,1
DA:29,2
DA:32,2
DA:36,1
DA:38,2
DA:40,1
DA:46,1
DA:48,2
DA:49,4
LF:13
LH:13
end_of_record
SF:./movies/lib\data\models\movie_table.dart
DA:11,2
DA:19,2
DA:20,1
DA:21,1
DA:22,1
DA:23,1
DA:24,1
DA:26,2
DA:27,1
DA:28,1
DA:29,1
DA:30,1
DA:31,1
DA:34,0
DA:35,0
DA:36,0
DA:37,0
DA:38,0
DA:39,0
DA:42,2
DA:43,1
DA:44,1
DA:45,1
DA:46,1
DA:47,1
DA:50,2
DA:51,12
LF:27
LH:21
end_of_record
SF:./movies/lib\domain\entities\movie.dart
DA:4,10
DA:34,2
DA:35,2
DA:36,2
DA:37,2
DA:38,2
DA:39,2
DA:40,2
DA:41,2
DA:42,2
DA:43,2
DA:44,2
DA:45,2
DA:46,2
DA:47,2
DA:48,2
LF:16
LH:16
end_of_record
SF:./movies/lib\domain\entities\movie_detail.dart
DA:5,3
DA:20,2
DA:40,1
DA:41,1
DA:42,1
DA:43,1
DA:44,1
DA:45,1
DA:46,1
DA:47,1
DA:48,1
DA:49,1
DA:50,1
DA:51,1
DA:52,1
LF:15
LH:15
end_of_record
SF:./movies/lib\data\models\movie_detail_model.dart
DA:6,2
DA:52,1
DA:53,1
DA:54,1
DA:55,1
DA:56,1
DA:57,1
DA:58,4
DA:59,1
DA:60,1
DA:61,1
DA:62,1
DA:63,1
DA:64,1
DA:65,2
DA:66,1
DA:67,1
DA:68,1
DA:69,1
DA:70,1
DA:71,1
DA:72,1
DA:73,1
DA:74,2
DA:75,1
DA:78,0
DA:79,0
DA:80,0
DA:81,0
DA:82,0
DA:83,0
DA:84,0
DA:85,0
DA:86,0
DA:87,0
DA:88,0
DA:89,0
DA:90,0
DA:91,0
DA:92,0
DA:93,0
DA:94,0
DA:95,0
DA:96,0
DA:97,0
DA:98,0
DA:99,0
DA:102,1
DA:103,1
DA:104,1
DA:105,1
DA:106,5
DA:107,1
DA:108,1
DA:109,1
DA:110,1
DA:111,1
DA:112,1
DA:113,1
DA:114,1
DA:115,1
DA:119,1
DA:120,1
DA:121,1
DA:122,1
DA:123,1
DA:124,1
DA:125,1
DA:126,1
DA:127,1
DA:128,1
DA:129,1
DA:130,1
DA:131,1
DA:132,1
DA:133,1
DA:134,1
DA:135,1
DA:136,1
DA:137,1
DA:138,1
DA:139,1
DA:140,1
DA:141,1
LF:84
LH:62
end_of_record
SF:./movies/lib\data\models\movie_model.dart
DA:5,5
DA:35,4
DA:36,2
DA:37,2
DA:38,8
DA:39,2
DA:40,2
DA:41,2
DA:42,4
DA:43,2
DA:44,2
DA:45,2
DA:46,2
DA:47,4
DA:48,2
DA:51,2
DA:52,1
DA:53,1
DA:54,4
DA:55,1
DA:56,1
DA:57,1
DA:58,1
DA:59,1
DA:60,1
DA:61,1
DA:62,1
DA:63,1
DA:64,1
DA:67,2
DA:68,2
DA:69,2
DA:70,2
DA:71,2
DA:72,2
DA:73,2
DA:74,2
DA:75,2
DA:76,2
DA:77,2
DA:78,2
DA:79,2
DA:80,2
DA:81,2
DA:85,2
DA:86,2
DA:87,2
DA:88,2
DA:89,2
DA:90,2
DA:91,2
DA:92,2
DA:93,2
DA:94,2
DA:95,2
DA:96,2
DA:97,2
DA:98,2
DA:99,2
LF:59
LH:59
end_of_record
SF:./movies/lib\data\datasource\movie_remote_data_source.dart
DA:23,1
DA:25,1
DA:28,4
DA:30,2
DA:31,4
DA:33,1
DA:37,1
DA:39,4
DA:41,2
DA:42,3
DA:44,1
DA:48,1
DA:50,1
DA:51,3
DA:53,2
DA:54,4
DA:56,1
DA:60,1
DA:63,4
DA:65,2
DA:66,4
DA:68,1
DA:72,1
DA:75,4
DA:77,2
DA:78,4
DA:80,1
DA:84,1
DA:86,1
DA:87,3
DA:89,2
DA:90,4
DA:92,1
LF:33
LH:33
end_of_record
SF:./movies/lib\presentation\pages\search_movie_page.dart
DA:11,1
DA:13,1
DA:15,1
DA:16,0
DA:17,0
DA:18,0
DA:19,0
DA:22,1
DA:23,1
DA:24,1
DA:26,1
DA:28,1
DA:29,1
DA:30,0
DA:31,0
DA:39,1
DA:41,1
DA:43,1
DA:44,1
DA:45,0
DA:46,0
DA:47,0
DA:57,1
DA:59,1
DA:61,1
DA:62,1
DA:63,1
DA:64,2
DA:68,2
DA:69,2
DA:70,1
DA:71,1
DA:73,1
DA:76,0
DA:77,0
DA:78,0
DA:79,0
DA:81,0
DA:85,0
DA:86,0
DA:87,0
DA:88,0
LF:42
LH:24
end_of_record
SF:./movies/lib\data\models\movie_response.dart
DA:7,3
DA:9,4
DA:10,4
DA:11,6
DA:12,6
DA:15,2
DA:16,5
DA:19,1
DA:20,2
LF:9
LH:9
end_of_record
SF:./movies/lib\data\repositories\movie_repository_impl.dart
DA:15,1
DA:20,1
DA:23,2
DA:24,5
DA:25,1
DA:27,1
DA:32,1
DA:35,2
DA:36,2
DA:37,1
DA:39,1
DA:44,1
DA:47,2
DA:48,3
DA:49,1
DA:51,1
DA:56,1
DA:59,2
DA:60,5
DA:61,1
DA:63,1
DA:68,1
DA:71,2
DA:72,5
DA:73,1
DA:75,1
DA:80,1
DA:83,2
DA:84,5
DA:85,1
DA:87,1
DA:92,1
DA:96,3
DA:97,1
DA:98,1
DA:99,3
DA:105,1
DA:109,3
DA:110,1
DA:111,1
DA:112,3
DA:116,1
DA:118,2
DA:122,1
DA:124,2
DA:125,5
LF:46
LH:46
end_of_record
SF:./movies/lib\domain\usecases\get_movie_detail.dart
DA:8,0
DA:11,0
DA:12,0
DA:15,3
DA:16,3
DA:20,0
DA:21,0
LF:7
LH:2
end_of_record
SF:./movies/lib\domain\usecases\get_movie_recommendations.dart
DA:9,0
DA:11,0
DA:12,0
LF:3
LH:0
end_of_record
SF:./movies/lib\domain\usecases\get_movie_watchlist_status.dart
DA:6,0
DA:8,0
DA:9,0
LF:3
LH:0
end_of_record
SF:./movies/lib\domain\usecases\get_now_playing_movies.dart
DA:9,0
DA:11,0
DA:12,0
LF:3
LH:0
end_of_record
SF:./movies/lib\domain\usecases\get_popular_movies.dart
DA:9,0
DA:11,0
DA:12,0
LF:3
LH:0
end_of_record
SF:./movies/lib\domain\usecases\get_top_rated_movies.dart
DA:9,0
DA:11,0
DA:12,0
LF:3
LH:0
end_of_record
SF:./movies/lib\domain\usecases\get_watchlist_movies.dart
DA:9,0
DA:11,0
DA:12,0
LF:3
LH:0
end_of_record
SF:./movies/lib\domain\usecases\remove_movie_watchlist.dart
DA:9,0
DA:11,0
DA:12,0
LF:3
LH:0
end_of_record
SF:./movies/lib\domain\usecases\save_watchlist.dart
DA:9,0
DA:11,0
DA:12,0
LF:3
LH:0
end_of_record
SF:./movies/lib\domain\usecases\search_movies.dart
DA:9,0
DA:11,0
DA:12,0
LF:3
LH:0
end_of_record
SF:./movies/lib\presentation\pages\detail_movie_page.dart
DA:13,1
DA:16,1
DA:17,1
DA:21,1
DA:23,1
DA:24,2
DA:25,2
DA:26,3
DA:27,2
DA:28,2
DA:29,3
DA:32,1
DA:34,2
DA:35,1
DA:36,1
DA:37,1
DA:38,2
DA:42,2
DA:43,1
DA:44,1
DA:45,1
DA:46,1
DA:48,2
DA:49,1
DA:50,1
DA:51,1
DA:52,1
DA:53,2
DA:56,1
DA:57,1
DA:60,1
DA:63,1
DA:64,1
DA:66,1
DA:68,1
DA:69,0
DA:70,0
DA:84,1
DA:85,4
DA:86,1
DA:95,3
DA:97,1
DA:99,1
DA:100,1
DA:101,1
DA:102,1
DA:103,2
DA:104,1
DA:106,1
DA:108,1
DA:111,1
DA:112,1
DA:113,2
DA:114,1
DA:115,1
DA:116,1
DA:118,1
DA:120,1
DA:124,1
DA:126,4
DA:127,0
DA:128,0
DA:129,0
DA:131,1
DA:132,4
DA:133,1
DA:135,1
DA:137,1
DA:141,1
DA:143,1
DA:144,3
DA:145,1
DA:150,1
DA:155,1
DA:164,1
DA:165,1
DA:166,1
DA:167,0
DA:168,0
DA:169,0
DA:173,0
DA:175,0
DA:179,0
DA:180,0
DA:183,1
DA:184,1
DA:189,1
DA:191,1
DA:193,1
DA:195,1
DA:196,1
DA:205,1
DA:208,1
DA:212,1
DA:215,1
DA:218,1
DA:219,1
DA:221,1
DA:226,1
DA:227,4
DA:229,2
DA:230,1
DA:236,1
DA:239,1
DA:241,1
DA:244,1
DA:246,1
DA:252,1
DA:253,1
DA:256,1
DA:257,1
DA:258,2
DA:263,2
DA:265,2
DA:266,1
DA:269,1
DA:271,1
DA:275,0
DA:277,0
DA:279,0
DA:280,0
DA:286,0
DA:287,0
DA:288,0
DA:289,0
DA:302,0
DA:303,0
DA:304,0
DA:305,0
LF:129
LH:105
end_of_record
SF:./movies/lib\presentation\pages\home_movies_page.dart
DA:14,1
DA:16,1
DA:17,1
DA:21,1
DA:23,1
DA:24,2
DA:25,2
DA:26,1
DA:27,2
DA:28,2
DA:29,1
DA:30,2
DA:31,2
DA:32,1
DA:35,1
DA:37,1
DA:39,1
DA:42,1
DA:44,1
DA:46,1
DA:47,1
DA:48,0
DA:49,0
DA:58,1
DA:60,1
DA:61,1
DA:63,1
DA:64,1
DA:66,1
DA:68,1
DA:70,1
DA:71,1
DA:72,1
DA:73,1
DA:74,1
DA:75,2
DA:79,2
DA:81,1
DA:84,1
DA:85,1
DA:88,1
DA:89,0
DA:90,0
DA:94,0
DA:97,1
DA:99,1
DA:100,2
DA:101,1
DA:105,0
DA:106,0
DA:107,0
DA:108,0
DA:120,1
DA:122,0
DA:123,0
DA:125,1
DA:127,1
DA:128,1
DA:129,1
DA:130,1
DA:131,1
DA:132,2
DA:136,2
DA:138,1
DA:140,1
DA:141,2
DA:142,1
DA:147,0
DA:148,0
DA:149,0
DA:150,0
DA:159,1
DA:161,0
DA:162,0
DA:164,1
DA:166,1
DA:167,1
DA:168,1
DA:169,1
DA:170,1
DA:171,2
DA:176,2
DA:178,1
DA:180,1
DA:181,2
DA:182,1
DA:187,0
DA:188,0
DA:189,0
DA:190,0
DA:206,1
DA:207,1
DA:209,1
DA:210,1
DA:212,1
DA:214,1
LF:96
LH:75
end_of_record
SF:./movies/lib\presentation\pages\now_playing_movie_page.dart
DA:11,1
DA:13,1
DA:14,1
DA:18,1
DA:20,1
DA:21,2
DA:22,2
DA:23,1
DA:26,1
DA:28,1
DA:30,1
DA:33,1
DA:35,1
DA:37,1
DA:38,1
DA:39,0
DA:40,0
DA:49,1
DA:51,1
DA:52,1
DA:53,2
DA:57,2
DA:58,1
DA:59,0
DA:60,0
DA:61,0
DA:63,2
DA:66,0
DA:67,0
DA:68,0
DA:69,0
LF:31
LH:22
end_of_record
SF:./movies/lib\presentation\pages\popular_movie_page.dart
DA:11,1
DA:13,1
DA:14,1
DA:18,1
DA:20,1
DA:21,2
DA:22,2
DA:23,1
DA:26,1
DA:28,1
DA:30,1
DA:33,1
DA:35,1
DA:37,1
DA:38,1
DA:39,0
DA:40,0
DA:49,1
DA:51,1
DA:52,1
DA:53,2
DA:57,2
DA:58,1
DA:59,1
DA:60,2
DA:61,1
DA:63,2
DA:66,0
DA:67,0
DA:68,0
DA:69,0
LF:31
LH:25
end_of_record
SF:./movies/lib\presentation\pages\top_rated_movie_page.dart
DA:11,1
DA:13,1
DA:14,1
DA:18,1
DA:20,1
DA:21,2
DA:22,2
DA:23,1
DA:26,1
DA:28,1
DA:30,1
DA:33,1
DA:35,1
DA:37,1
DA:38,1
DA:39,0
DA:40,0
DA:49,1
DA:51,1
DA:52,1
DA:53,2
DA:57,2
DA:58,1
DA:59,0
DA:60,0
DA:61,0
DA:63,2
DA:66,0
DA:67,0
DA:68,0
DA:69,0
LF:31
LH:22
end_of_record
SF:./movies/lib\presentation\widgets\watchlist_movie.dart
DA:14,0
DA:16,0
DA:18,0
DA:19,0
DA:20,0
DA:21,0
DA:23,0
DA:26,0
DA:27,0
DA:29,0
DA:31,0
DA:32,0
DA:34,0
DA:44,0
DA:47,0
DA:48,0
DA:49,0
DA:50,0
DA:51,0
DA:54,0
DA:60,0
DA:61,0
DA:62,0
DA:63,0
DA:65,0
DA:71,0
DA:72,0
DA:73,0
DA:80,0
DA:81,0
DA:82,0
DA:83,0
DA:86,0
DA:91,0
DA:92,0
DA:96,0
DA:97,0
DA:99,0
DA:100,0
DA:101,0
DA:103,0
DA:104,0
DA:105,0
DA:106,0
DA:107,0
DA:109,0
DA:112,0
DA:113,0
DA:114,0
DA:116,0
DA:117,0
DA:119,0
LF:52
LH:0
end_of_record
SF:./movies/lib\presentation\provider\movie_detail_notifier.dart
DA:22,1
DA:31,2
DA:34,2
DA:37,2
DA:40,2
DA:43,2
DA:46,2
DA:48,1
DA:49,1
DA:50,1
DA:51,2
DA:52,2
DA:53,1
DA:54,1
DA:55,1
DA:56,2
DA:57,1
DA:59,1
DA:60,1
DA:61,1
DA:62,1
DA:63,1
DA:64,1
DA:65,1
DA:66,2
DA:68,1
DA:69,1
DA:70,1
DA:73,1
DA:74,1
DA:80,2
DA:82,1
DA:83,2
DA:85,1
DA:86,1
DA:87,2
DA:89,1
DA:90,1
DA:94,2
DA:97,1
DA:98,2
DA:100,1
DA:101,0
DA:102,0
DA:104,1
DA:105,1
DA:109,2
DA:112,1
DA:113,2
DA:114,1
DA:115,1
LF:51
LH:49
end_of_record
SF:./movies/lib\presentation\provider\movie_list_notifier.dart
DA:10,2
DA:13,2
DA:16,2
DA:19,2
DA:22,2
DA:25,2
DA:28,2
DA:30,1
DA:40,1
DA:41,1
DA:42,1
DA:44,2
DA:45,1
DA:46,1
DA:47,1
DA:48,2
DA:49,1
DA:51,1
DA:52,1
DA:53,1
DA:54,1
DA:59,1
DA:60,1
DA:61,1
DA:63,2
DA:64,1
DA:65,1
DA:66,1
DA:67,2
DA:68,1
DA:70,1
DA:71,1
DA:72,1
DA:73,1
DA:78,1
DA:79,1
DA:80,1
DA:82,2
DA:83,1
DA:84,1
DA:85,1
DA:86,2
DA:87,1
DA:89,1
DA:90,1
DA:91,1
DA:92,1
LF:47
LH:47
end_of_record
SF:./movies/lib\presentation\provider\movie_search_notifier.dart
DA:9,1
DA:12,2
DA:15,2
DA:18,2
DA:20,1
DA:21,1
DA:22,1
DA:24,2
DA:25,1
DA:26,1
DA:27,2
DA:28,1
DA:29,1
DA:31,1
DA:32,1
DA:33,1
DA:34,1
LF:17
LH:17
end_of_record
SF:./movies/lib\presentation\provider\now_playing_movie_notifier.dart
DA:9,1
DA:12,2
DA:15,2
DA:18,2
DA:20,1
DA:21,1
DA:22,1
DA:24,2
DA:26,1
DA:27,1
DA:28,2
DA:29,1
DA:30,1
DA:32,1
DA:33,1
DA:34,1
DA:35,1
LF:17
LH:17
end_of_record
SF:./movies/lib\presentation\provider\popular_movies_notifier.dart
DA:9,1
DA:12,2
DA:15,2
DA:18,2
DA:20,1
DA:21,1
DA:22,1
DA:24,2
DA:26,1
DA:27,1
DA:28,2
DA:29,1
DA:30,1
DA:32,1
DA:33,1
DA:34,1
DA:35,1
LF:17
LH:17
end_of_record
SF:./movies/lib\presentation\provider\top_rated_movies_notifier.dart
DA:9,1
DA:12,2
DA:15,2
DA:18,2
DA:20,1
DA:21,1
DA:22,1
DA:24,2
DA:26,1
DA:27,1
DA:28,2
DA:29,1
DA:30,1
DA:32,1
DA:33,1
DA:34,1
DA:35,1
LF:17
LH:17
end_of_record
SF:./movies/lib\presentation\provider\watchlist_movie_notifier.dart
DA:8,2
DA:11,2
DA:14,2
DA:16,1
DA:20,1
DA:21,1
DA:22,1
DA:24,2
DA:25,1
DA:26,1
DA:27,1
DA:28,2
DA:29,1
DA:31,1
DA:32,1
DA:33,1
DA:34,1
LF:17
LH:17
end_of_record
SF:./movies/lib\presentation\widgets\card_movie.dart
DA:10,1
DA:11,1
DA:13,1
DA:16,1
DA:17,0
DA:18,0
DA:21,0
DA:24,1
DA:26,1
DA:27,1
DA:31,1
DA:32,3
DA:36,1
DA:37,2
DA:40,1
LF:15
LH:12
end_of_record
SF:./movies/lib\presentation\widgets\card_movie_list.dart
DA:12,1
DA:14,1
DA:16,2
DA:17,1
DA:18,0
DA:19,0
DA:20,0
DA:22,1
DA:24,1
DA:25,1
DA:27,1
DA:29,1
DA:30,3
DA:37,1
DA:40,1
DA:41,1
DA:42,1
DA:43,1
DA:44,2
DA:47,1
DA:53,1
DA:54,1
DA:55,1
DA:56,4
DA:58,1
DA:64,1
DA:65,3
DA:66,1
DA:73,1
DA:74,1
DA:75,1
DA:76,4
DA:78,2
DA:81,1
LF:34
LH:31
end_of_record
SF:./series/lib\data\datasource\series_api_datasource.dart
DA:25,1
DA:27,0
DA:30,0
DA:32,0
DA:33,0
DA:35,0
DA:39,1
DA:42,4
DA:44,2
DA:45,4
DA:47,1
DA:51,1
DA:53,4
DA:55,2
DA:56,3
DA:58,1
DA:62,1
DA:65,4
DA:67,2
DA:68,4
DA:70,1
DA:74,1
DA:76,4
DA:78,2
DA:79,4
DA:81,1
DA:85,1
DA:88,4
DA:90,2
DA:91,4
DA:93,1
DA:97,1
DA:100,4
DA:102,2
DA:103,4
DA:105,1
LF:36
LH:31
end_of_record
SF:./series/lib\data\models\series_detail_model.dart
DA:6,2
DA:58,2
DA:59,1
DA:60,4
DA:61,2
DA:62,1
DA:63,4
DA:64,1
DA:65,1
DA:66,1
DA:67,4
DA:68,2
DA:69,1
DA:70,1
DA:71,1
DA:72,1
DA:73,4
DA:74,1
DA:75,1
DA:76,1
DA:77,2
DA:78,1
DA:79,1
DA:80,1
DA:81,1
DA:82,2
DA:83,1
DA:86,0
DA:87,0
DA:88,0
DA:90,0
DA:91,0
DA:92,0
DA:93,0
DA:94,0
DA:95,0
DA:97,0
DA:98,0
DA:99,0
DA:100,0
DA:101,0
DA:102,0
DA:103,0
DA:104,0
DA:105,0
DA:106,0
DA:107,0
DA:108,0
DA:109,0
DA:110,0
DA:111,0
DA:112,0
DA:115,1
DA:116,1
DA:117,1
DA:118,1
DA:119,1
DA:120,5
DA:121,1
DA:122,1
DA:123,1
DA:124,1
DA:125,1
DA:126,1
DA:127,1
DA:128,1
DA:129,1
DA:130,1
DA:131,1
DA:132,1
DA:133,1
DA:134,1
DA:135,1
DA:136,1
DA:137,1
DA:138,1
DA:139,1
DA:140,1
DA:144,1
DA:145,1
DA:146,1
DA:147,1
DA:148,1
DA:149,1
DA:150,1
DA:151,1
DA:152,1
DA:153,1
DA:154,1
DA:155,1
DA:156,1
DA:157,1
DA:158,1
DA:159,1
DA:160,1
DA:161,1
DA:162,1
DA:163,1
DA:164,1
DA:165,1
DA:166,1
DA:167,1
DA:168,1
DA:169,1
LF:104
LH:79
end_of_record
SF:./series/lib\data\models\series_response.dart
DA:7,3
DA:9,4
DA:10,4
DA:11,6
DA:12,6
DA:15,2
DA:16,5
DA:19,1
DA:20,2
LF:9
LH:9
end_of_record
SF:./series/lib\data\models\series_model.dart
DA:5,24
DA:33,4
DA:34,2
DA:35,2
DA:36,2
DA:37,2
DA:38,8
DA:39,2
DA:40,2
DA:41,2
DA:42,2
DA:43,2
DA:44,8
DA:45,2
DA:48,2
DA:49,1
DA:50,1
DA:51,1
DA:52,1
DA:53,4
DA:54,1
DA:55,1
DA:56,1
DA:57,1
DA:58,1
DA:59,1
DA:62,2
DA:63,2
DA:64,2
DA:65,2
DA:66,2
DA:67,2
DA:68,2
DA:69,2
DA:70,2
DA:71,2
DA:72,2
DA:73,2
DA:74,2
DA:75,2
DA:78,2
DA:79,2
DA:80,2
DA:81,2
DA:82,2
DA:83,2
DA:84,2
DA:85,2
DA:86,2
DA:87,2
DA:88,2
DA:89,2
DA:90,2
LF:53
LH:53
end_of_record
SF:./series/lib\data\models\watchlist_model.dart
DA:11,21
DA:19,0
DA:20,0
DA:21,0
DA:22,0
DA:23,0
DA:24,0
DA:26,2
DA:27,1
DA:28,1
DA:29,1
DA:30,1
DA:31,1
DA:34,0
DA:35,0
DA:36,0
DA:37,0
DA:38,0
DA:39,0
DA:42,2
DA:43,1
DA:44,1
DA:45,1
DA:46,1
DA:47,1
DA:49,1
DA:50,6
LF:27
LH:15
end_of_record
SF:./series/lib\domain\entities\detail.dart
DA:5,6
DA:32,2
DA:64,1
DA:65,1
DA:66,1
DA:67,1
DA:68,1
DA:69,1
DA:70,1
DA:71,1
DA:72,1
DA:73,1
DA:74,1
DA:75,1
DA:76,1
DA:77,1
DA:78,1
DA:79,1
DA:80,1
DA:81,1
DA:82,1
DA:83,1
DA:84,1
DA:85,1
DA:86,1
DA:87,1
DA:88,1
DA:89,1
LF:28
LH:28
end_of_record
SF:./series/lib\domain\entities\series.dart
DA:4,23
DA:32,2
DA:33,2
DA:34,2
DA:35,2
DA:36,2
DA:37,2
DA:38,2
DA:39,2
DA:40,2
DA:41,2
DA:42,2
DA:43,2
DA:44,2
LF:14
LH:14
end_of_record
SF:./series/lib\data\datasource\series_local_datasource.dart
DA:14,1
DA:16,1
DA:19,2
DA:22,2
DA:26,1
DA:29,2
DA:32,2
DA:36,1
DA:38,2
DA:40,1
DA:46,1
DA:48,2
DA:49,4
LF:13
LH:13
end_of_record
SF:./series/lib\data\models\season_detail.dart
DA:6,0
DA:26,0
DA:27,0
DA:28,0
DA:29,0
DA:30,0
DA:31,0
DA:32,0
DA:33,0
DA:34,0
DA:35,0
DA:38,0
DA:39,0
DA:40,0
DA:41,0
DA:42,0
DA:43,0
DA:44,0
DA:45,0
DA:46,0
DA:49,0
DA:50,0
DA:51,0
DA:52,0
DA:53,0
DA:54,0
DA:55,0
DA:56,0
DA:57,0
DA:58,0
DA:62,0
DA:63,0
DA:64,0
DA:65,0
DA:66,0
DA:67,0
DA:68,0
DA:69,0
DA:70,0
DA:71,0
LF:40
LH:0
end_of_record
SF:./series/lib\data\models\episode_model.dart
DA:5,0
DA:29,0
DA:30,0
DA:31,0
DA:32,0
DA:33,0
DA:34,0
DA:35,0
DA:36,0
DA:37,0
DA:38,0
DA:39,0
DA:42,0
DA:43,0
DA:44,0
DA:45,0
DA:46,0
DA:47,0
DA:48,0
DA:49,0
DA:50,0
DA:51,0
DA:52,0
DA:55,0
DA:56,0
DA:57,0
DA:58,0
DA:59,0
DA:60,0
DA:61,0
DA:62,0
DA:63,0
DA:64,0
DA:65,0
DA:66,0
DA:70,0
DA:71,0
DA:72,0
DA:73,0
DA:74,0
DA:75,0
DA:76,0
DA:77,0
DA:78,0
DA:79,0
DA:80,0
DA:81,0
LF:47
LH:0
end_of_record
SF:./series/lib\domain\entities\episode.dart
DA:4,0
DA:28,0
DA:29,0
DA:30,0
DA:31,0
DA:32,0
DA:33,0
DA:34,0
DA:35,0
DA:36,0
DA:37,0
DA:38,0
DA:39,0
LF:13
LH:0
end_of_record
SF:./series/lib\domain\entities\season.dart
DA:5,0
DA:25,0
DA:26,0
DA:27,0
DA:28,0
DA:29,0
DA:30,0
DA:31,0
DA:32,0
DA:33,0
DA:34,0
LF:11
LH:0
end_of_record
SF:./series/lib\data\repositories\series_repository_impl.dart
DA:16,1
DA:21,0
DA:24,0
DA:25,0
DA:26,0
DA:28,0
DA:33,1
DA:36,2
DA:37,5
DA:38,1
DA:40,1
DA:45,1
DA:48,2
DA:49,2
DA:50,1
DA:52,1
DA:57,1
DA:60,2
DA:61,5
DA:62,1
DA:64,1
DA:69,1
DA:72,2
DA:73,5
DA:74,1
DA:76,1
DA:81,1
DA:84,2
DA:85,5
DA:86,1
DA:88,1
DA:93,1
DA:96,2
DA:97,5
DA:98,1
DA:100,1
DA:105,0
DA:109,0
DA:110,0
DA:111,0
DA:112,0
DA:116,0
DA:120,0
DA:121,0
DA:122,0
DA:123,0
DA:127,1
DA:129,2
DA:133,1
DA:135,2
DA:136,5
LF:51
LH:36
end_of_record
SF:./series/lib\domain\usecases\add_watchlist.dart
DA:9,1
DA:11,1
DA:12,2
LF:3
LH:3
end_of_record
SF:./series/lib\domain\usecases\get_on_air_series.dart
DA:9,1
DA:11,1
DA:12,2
LF:3
LH:3
end_of_record
SF:./series/lib\domain\usecases\get_popular_series.dart
DA:9,1
DA:11,1
DA:12,2
LF:3
LH:3
end_of_record
SF:./series/lib\domain\usecases\get_season.dart
DA:8,0
DA:10,0
DA:11,0
LF:3
LH:0
end_of_record
SF:./series/lib\domain\usecases\get_series_detail.dart
DA:10,1
DA:12,1
DA:13,2
DA:16,2
DA:17,2
DA:21,1
DA:22,1
LF:7
LH:7
end_of_record
SF:./series/lib\domain\usecases\get_series_recommendations.dart
DA:9,1
DA:11,1
DA:12,2
LF:3
LH:3
end_of_record
SF:./series/lib\domain\usecases\get_top_rated_series.dart
DA:9,1
DA:11,1
DA:12,2
LF:3
LH:3
end_of_record
SF:./series/lib\domain\usecases\get_watchlist.dart
DA:9,1
DA:11,1
DA:12,2
LF:3
LH:3
end_of_record
SF:./series/lib\domain\usecases\get_watchlist_status.dart
DA:6,1
DA:8,1
DA:9,2
LF:3
LH:3
end_of_record
SF:./series/lib\domain\usecases\remove_watchlist.dart
DA:9,1
DA:11,1
DA:12,2
LF:3
LH:3
end_of_record
SF:./series/lib\domain\usecases\search_series.dart
DA:9,1
DA:11,1
DA:12,2
LF:3
LH:3
end_of_record
SF:./series/lib\presentation\pages\detail_series_page.dart
DA:11,0
DA:14,0
DA:15,0
DA:19,0
DA:21,0
DA:22,0
DA:23,0
DA:24,0
DA:25,0
DA:26,0
DA:27,0
DA:30,0
DA:32,0
DA:33,0
DA:34,0
DA:35,0
DA:36,0
DA:40,0
DA:41,0
DA:42,0
DA:43,0
DA:44,0
DA:46,0
DA:47,0
DA:48,0
DA:49,0
DA:50,0
DA:51,0
DA:54,0
DA:55,0
DA:58,0
DA:61,0
DA:62,0
DA:64,0
DA:66,0
DA:67,0
DA:68,0
DA:82,0
DA:83,0
DA:84,0
DA:93,0
DA:95,0
DA:97,0
DA:98,0
DA:99,0
DA:100,0
DA:101,0
DA:102,0
DA:103,0
DA:106,0
DA:108,0
DA:111,0
DA:112,0
DA:113,0
DA:114,0
DA:115,0
DA:116,0
DA:118,0
DA:120,0
DA:124,0
DA:126,0
DA:127,0
DA:128,0
DA:129,0
DA:131,0
DA:132,0
DA:133,0
DA:135,0
DA:137,0
DA:141,0
DA:143,0
DA:144,0
DA:145,0
DA:150,0
DA:155,0
DA:164,0
DA:165,0
DA:166,0
DA:167,0
DA:168,0
DA:169,0
DA:173,0
DA:175,0
DA:179,0
DA:180,0
DA:183,0
DA:184,0
DA:189,0
DA:191,0
DA:193,0
DA:195,0
DA:196,0
DA:205,0
DA:208,0
DA:212,0
DA:215,0
DA:218,0
DA:219,0
DA:221,0
DA:226,0
DA:227,0
DA:229,0
DA:230,0
DA:236,0
DA:239,0
DA:241,0
DA:244,0
DA:246,0
DA:252,0
DA:254,0
DA:258,0
DA:260,0
DA:262,0
DA:263,0
DA:266,0
DA:267,0
DA:268,0
DA:270,0
DA:271,0
DA:272,0
DA:273,0
DA:274,0
DA:278,0
DA:279,0
DA:280,0
DA:283,0
DA:284,0
DA:285,0
DA:286,0
DA:299,0
DA:302,0
DA:304,0
DA:307,0
DA:309,0
DA:315,0
DA:316,0
DA:319,0
DA:320,0
DA:321,0
DA:325,0
DA:327,0
DA:328,0
DA:331,0
DA:333,0
DA:337,0
DA:339,0
DA:341,0
DA:342,0
DA:348,0
DA:349,0
DA:350,0
DA:351,0
DA:364,0
DA:365,0
DA:366,0
DA:367,0
LF:156
LH:0
end_of_record
SF:./series/lib\presentation\widgets\card_series.dart
DA:10,1
DA:11,1
DA:13,1
DA:16,1
DA:17,0
DA:18,0
DA:21,0
DA:24,1
DA:26,1
DA:27,1
DA:31,1
DA:32,3
DA:36,1
DA:37,2
DA:40,1
LF:15
LH:12
end_of_record
SF:./series/lib\presentation\pages\episode_detail_page.dart
DA:10,0
DA:13,0
DA:14,0
DA:18,0
DA:20,0
DA:21,0
DA:22,0
DA:23,0
DA:26,0
DA:28,0
DA:29,0
DA:32,0
DA:33,0
DA:34,0
DA:37,0
DA:38,0
DA:39,0
DA:43,0
DA:44,0
DA:45,0
DA:46,0
DA:47,0
DA:48,0
DA:52,0
DA:53,0
DA:54,0
DA:55,0
LF:27
LH:0
end_of_record
SF:./series/lib\presentation\widgets\card_episode.dart
DA:7,0
DA:9,0
DA:11,0
DA:13,0
DA:14,0
DA:16,0
DA:17,0
DA:25,0
DA:26,0
DA:27,0
DA:28,0
DA:30,0
DA:31,0
DA:32,0
LF:14
LH:0
end_of_record
SF:./series/lib\presentation\pages\home_series_page.dart
DA:16,1
DA:18,1
DA:19,1
DA:23,1
DA:25,1
DA:26,2
DA:27,2
DA:28,1
DA:29,2
DA:30,2
DA:31,1
DA:32,2
DA:33,2
DA:34,1
DA:37,1
DA:39,1
DA:41,1
DA:44,1
DA:46,1
DA:48,1
DA:49,1
DA:50,0
DA:51,0
DA:60,1
DA:62,1
DA:63,1
DA:65,1
DA:66,1
DA:68,1
DA:70,1
DA:72,1
DA:73,1
DA:74,1
DA:75,1
DA:76,1
DA:77,2
DA:81,2
DA:83,1
DA:86,1
DA:87,1
DA:90,1
DA:91,0
DA:92,0
DA:96,0
DA:99,1
DA:101,1
DA:102,2
DA:103,1
DA:107,0
DA:108,0
DA:109,0
DA:110,0
DA:122,1
DA:124,0
DA:125,0
DA:127,1
DA:129,1
DA:130,1
DA:131,1
DA:132,1
DA:133,1
DA:134,2
DA:138,2
DA:139,1
DA:141,1
DA:142,2
DA:143,1
DA:148,0
DA:149,0
DA:150,0
DA:151,0
DA:160,1
DA:162,0
DA:163,0
DA:165,1
DA:167,1
DA:168,1
DA:169,1
DA:170,1
DA:171,1
DA:172,2
DA:177,2
DA:179,1
DA:181,1
DA:182,2
DA:183,1
DA:188,0
DA:189,0
DA:190,0
DA:191,0
DA:207,1
DA:208,1
DA:210,1
DA:211,1
DA:213,1
DA:215,1
LF:96
LH:75
end_of_record
SF:./series/lib\presentation\pages\on_air_series_page.dart
DA:11,1
DA:13,1
DA:14,1
DA:18,1
DA:20,1
DA:21,2
DA:22,2
DA:23,1
DA:26,1
DA:28,1
DA:30,1
DA:33,1
DA:35,1
DA:37,1
DA:38,1
DA:39,0
DA:40,0
DA:49,1
DA:51,1
DA:52,1
DA:53,2
DA:57,2
DA:58,1
DA:59,0
DA:60,0
DA:61,0
DA:63,2
DA:66,0
DA:67,0
DA:68,0
DA:69,0
LF:31
LH:22
end_of_record
SF:./series/lib\presentation\pages\search_series_page.dart
DA:11,1
DA:13,1
DA:15,1
DA:16,0
DA:17,0
DA:18,0
DA:19,0
DA:22,1
DA:23,1
DA:24,1
DA:26,1
DA:28,1
DA:29,1
DA:30,0
DA:31,0
DA:40,1
DA:42,1
DA:44,1
DA:45,1
DA:46,0
DA:47,0
DA:48,0
DA:58,1
DA:60,1
DA:62,1
DA:63,1
DA:64,1
DA:65,2
DA:69,2
DA:70,2
DA:71,1
DA:72,1
DA:74,1
DA:77,0
DA:78,0
DA:79,0
DA:80,0
DA:82,0
DA:86,0
DA:87,0
DA:88,0
DA:89,0
LF:42
LH:24
end_of_record
SF:./series/lib\presentation\pages\top_rated_series_page.dart
DA:11,1
DA:13,1
DA:14,1
DA:18,1
DA:20,1
DA:21,2
DA:22,2
DA:23,1
DA:26,1
DA:28,1
DA:30,1
DA:33,1
DA:35,1
DA:37,1
DA:38,1
DA:39,0
DA:40,0
DA:49,1
DA:51,1
DA:52,1
DA:53,2
DA:57,2
DA:58,1
DA:59,0
DA:60,0
DA:61,0
DA:63,2
DA:66,0
DA:67,0
DA:68,0
DA:69,0
LF:31
LH:22
end_of_record
SF:./series/lib\presentation\provider\series_list_notifier.dart
DA:10,2
DA:13,2
DA:16,2
DA:19,2
DA:22,2
DA:25,2
DA:28,2
DA:30,1
DA:40,1
DA:41,1
DA:42,1
DA:44,2
DA:45,1
DA:46,1
DA:47,1
DA:48,2
DA:49,1
DA:51,1
DA:52,1
DA:53,1
DA:54,1
DA:59,1
DA:60,1
DA:61,1
DA:63,2
DA:64,1
DA:65,1
DA:66,1
DA:67,2
DA:68,1
DA:70,1
DA:71,1
DA:72,1
DA:73,1
DA:78,1
DA:79,1
DA:80,1
DA:82,2
DA:83,1
DA:84,1
DA:85,1
DA:86,2
DA:87,1
DA:89,1
DA:90,1
DA:91,1
DA:92,1
LF:47
LH:47
end_of_record
SF:./series/lib\presentation\provider\on_air_series_provider.dart
DA:9,1
DA:12,2
DA:15,2
DA:18,2
DA:20,1
DA:21,1
DA:22,1
DA:24,2
DA:26,1
DA:27,1
DA:28,2
DA:29,1
DA:30,1
DA:32,1
DA:33,1
DA:34,1
DA:35,1
LF:17
LH:17
end_of_record
SF:./series/lib\presentation\widgets\card_series_list.dart
DA:12,1
DA:14,1
DA:16,2
DA:17,1
DA:18,0
DA:19,0
DA:20,0
DA:22,1
DA:24,1
DA:25,1
DA:27,1
DA:29,1
DA:30,3
DA:37,1
DA:40,1
DA:41,1
DA:42,1
DA:43,1
DA:44,2
DA:47,1
DA:53,1
DA:54,1
DA:55,1
DA:56,4
DA:58,1
DA:64,1
DA:65,3
DA:66,1
DA:73,1
DA:74,1
DA:75,1
DA:76,4
DA:78,2
DA:81,1
LF:34
LH:31
end_of_record
SF:./series/lib\presentation\pages\popular_series_page.dart
DA:11,1
DA:13,1
DA:14,1
DA:18,1
DA:20,1
DA:21,2
DA:22,2
DA:23,1
DA:26,1
DA:28,1
DA:30,1
DA:33,1
DA:35,1
DA:37,1
DA:38,1
DA:39,0
DA:40,0
DA:49,1
DA:51,1
DA:52,1
DA:53,2
DA:57,2
DA:58,1
DA:59,1
DA:60,2
DA:61,1
DA:63,2
DA:66,0
DA:67,0
DA:68,0
DA:69,0
LF:31
LH:25
end_of_record
SF:./series/lib\presentation\provider\popular_series_provider.dart
DA:9,1
DA:12,2
DA:15,2
DA:18,2
DA:20,1
DA:21,1
DA:22,1
DA:24,2
DA:26,1
DA:27,1
DA:28,2
DA:29,1
DA:30,1
DA:32,1
DA:33,1
DA:34,1
DA:35,1
LF:17
LH:17
end_of_record
SF:./series/lib\presentation\provider\search_series_provider.dart
DA:9,1
DA:12,2
DA:15,2
DA:18,2
DA:20,1
DA:21,1
DA:22,1
DA:24,2
DA:26,1
DA:27,1
DA:28,2
DA:29,1
DA:30,1
DA:32,1
DA:33,1
DA:34,1
DA:35,1
LF:17
LH:17
end_of_record
SF:./series/lib\presentation\provider\top_rated_series_provider.dart
DA:9,1
DA:12,2
DA:15,2
DA:18,2
DA:20,1
DA:21,1
DA:22,1
DA:24,2
DA:26,1
DA:27,1
DA:28,2
DA:29,1
DA:30,1
DA:32,1
DA:33,1
DA:34,1
DA:35,1
LF:17
LH:17
end_of_record
SF:./series/lib\presentation\provider\detail_series_provider.dart
DA:12,1
DA:16,2
DA:19,0
DA:22,2
DA:25,2
DA:28,2
DA:30,1
DA:31,1
DA:32,1
DA:34,2
DA:35,2
DA:37,1
DA:38,1
DA:39,2
DA:40,1
DA:41,1
DA:43,1
DA:44,1
DA:45,1
DA:46,1
DA:47,1
DA:48,0
DA:49,0
DA:50,0
DA:51,0
DA:53,1
DA:54,1
DA:55,1
DA:56,1
DA:59,1
DA:60,1
LF:31
LH:26
end_of_record
SF:./series/lib\presentation\provider\season_detail_provider.dart
DA:9,0
DA:12,0
DA:15,0
DA:18,0
DA:20,0
DA:21,0
DA:22,0
DA:24,0
DA:26,0
DA:27,0
DA:28,0
DA:29,0
DA:30,0
DA:32,0
DA:33,0
DA:34,0
DA:35,0
LF:17
LH:0
end_of_record
SF:./series/lib\presentation\provider\watchlist_provider.dart
DA:15,1
DA:22,2
DA:25,2
DA:28,0
DA:31,0
DA:34,2
DA:37,2
DA:39,1
DA:40,2
DA:41,1
DA:42,1
DA:43,1
DA:44,2
DA:45,1
DA:47,1
DA:48,1
DA:49,1
DA:53,2
DA:56,1
DA:57,2
DA:58,1
DA:59,1
DA:60,0
DA:61,0
DA:62,0
DA:64,1
DA:65,1
DA:66,1
DA:70,2
DA:73,1
DA:74,2
DA:75,1
DA:76,1
DA:79,1
DA:80,1
DA:81,1
DA:83,2
DA:84,1
DA:85,1
DA:86,1
DA:87,2
DA:88,1
DA:90,1
DA:91,1
DA:92,1
DA:93,1
LF:46
LH:41
end_of_record
SF:./series/lib\presentation\widgets\watchlist_card.dart
DA:14,0
DA:16,0
DA:18,0
DA:19,0
DA:20,0
DA:21,0
DA:23,0
DA:26,0
DA:27,0
DA:29,0
DA:31,0
DA:32,0
DA:34,0
DA:44,0
DA:47,0
DA:48,0
DA:49,0
DA:50,0
DA:51,0
DA:54,0
DA:60,0
DA:61,0
DA:62,0
DA:63,0
DA:65,0
DA:71,0
DA:72,0
DA:73,0
DA:80,0
DA:81,0
DA:82,0
DA:83,0
DA:85,0
DA:88,0
DA:93,0
DA:94,0
DA:98,0
DA:99,0
DA:101,0
DA:102,0
DA:103,0
DA:105,0
DA:106,0
DA:107,0
DA:108,0
DA:109,0
DA:111,0
DA:114,0
DA:115,0
DA:116,0
DA:118,0
DA:119,0
DA:121,0
LF:53
LH:0
end_of_record
