SF:lib\data\datasource\movie_local_data_source.dart
DA:14,1
DA:16,1
DA:19,2
DA:22,2
DA:26,1
DA:29,2
DA:32,2
DA:36,1
DA:38,2
DA:40,1
DA:46,1
DA:48,2
DA:49,4
LF:13
LH:13
end_of_record
SF:lib\data\models\movie_detail_model.dart
DA:6,26
DA:52,1
DA:53,1
DA:54,1
DA:55,1
DA:56,1
DA:57,1
DA:58,4
DA:59,1
DA:60,1
DA:61,1
DA:62,1
DA:63,1
DA:64,1
DA:65,2
DA:66,1
DA:67,1
DA:68,1
DA:69,1
DA:70,1
DA:71,1
DA:72,1
DA:73,1
DA:74,2
DA:75,1
DA:78,0
DA:79,0
DA:80,0
DA:81,0
DA:82,0
DA:83,0
DA:84,0
DA:85,0
DA:86,0
DA:87,0
DA:88,0
DA:89,0
DA:90,0
DA:91,0
DA:92,0
DA:93,0
DA:94,0
DA:95,0
DA:96,0
DA:97,0
DA:98,0
DA:99,0
DA:102,2
DA:103,2
DA:104,2
DA:105,2
DA:106,10
DA:107,2
DA:108,2
DA:109,2
DA:110,2
DA:111,2
DA:112,2
DA:113,2
DA:114,2
DA:115,2
DA:119,1
DA:120,1
DA:121,1
DA:122,1
DA:123,1
DA:124,1
DA:125,1
DA:126,1
DA:127,1
DA:128,1
DA:129,1
DA:130,1
DA:131,1
DA:132,1
DA:133,1
DA:134,1
DA:135,1
DA:136,1
DA:137,1
DA:138,1
DA:139,1
DA:140,1
DA:141,1
LF:84
LH:62
end_of_record
SF:lib\data\models\movie_table.dart
DA:11,2
DA:19,2
DA:20,1
DA:21,1
DA:22,1
DA:23,1
DA:24,1
DA:26,2
DA:27,1
DA:28,1
DA:29,1
DA:30,1
DA:31,1
DA:34,0
DA:35,0
DA:36,0
DA:37,0
DA:38,0
DA:39,0
DA:42,2
DA:43,1
DA:44,1
DA:45,1
DA:46,1
DA:47,1
DA:50,2
DA:51,12
LF:27
LH:21
end_of_record
SF:lib\domain\entities\movie.dart
DA:4,28
DA:34,7
DA:35,7
DA:36,7
DA:37,7
DA:38,7
DA:39,7
DA:40,7
DA:41,7
DA:42,7
DA:43,7
DA:44,7
DA:45,7
DA:46,7
DA:47,7
DA:48,7
LF:16
LH:16
end_of_record
SF:lib\domain\entities\movie_detail.dart
DA:5,9
DA:20,1
DA:40,4
DA:41,4
DA:42,4
DA:43,4
DA:44,4
DA:45,4
DA:46,4
DA:47,4
DA:48,4
DA:49,4
DA:50,4
DA:51,4
DA:52,4
LF:15
LH:15
end_of_record
SF:lib\data\models\movie_model.dart
DA:5,5
DA:35,4
DA:36,2
DA:37,2
DA:38,8
DA:39,2
DA:40,2
DA:41,2
DA:42,4
DA:43,2
DA:44,2
DA:45,2
DA:46,2
DA:47,4
DA:48,2
DA:51,2
DA:52,1
DA:53,1
DA:54,4
DA:55,1
DA:56,1
DA:57,1
DA:58,1
DA:59,1
DA:60,1
DA:61,1
DA:62,1
DA:63,1
DA:64,1
DA:67,2
DA:68,2
DA:69,2
DA:70,2
DA:71,2
DA:72,2
DA:73,2
DA:74,2
DA:75,2
DA:76,2
DA:77,2
DA:78,2
DA:79,2
DA:80,2
DA:81,2
DA:85,2
DA:86,2
DA:87,2
DA:88,2
DA:89,2
DA:90,2
DA:91,2
DA:92,2
DA:93,2
DA:94,2
DA:95,2
DA:96,2
DA:97,2
DA:98,2
DA:99,2
LF:59
LH:59
end_of_record
SF:lib\data\datasource\movie_remote_data_source.dart
DA:23,1
DA:25,1
DA:28,4
DA:29,2
DA:30,4
DA:32,1
DA:36,1
DA:38,4
DA:39,2
DA:40,3
DA:42,1
DA:46,1
DA:48,1
DA:49,3
DA:50,2
DA:51,4
DA:53,1
DA:57,1
DA:60,4
DA:61,2
DA:62,4
DA:64,1
DA:68,1
DA:71,4
DA:72,2
DA:73,4
DA:75,1
DA:79,1
DA:81,1
DA:82,3
DA:83,2
DA:84,4
DA:86,1
LF:33
LH:33
end_of_record
SF:lib\presentation\pages\search_movie_page.dart
DA:11,1
DA:13,1
DA:15,1
DA:16,0
DA:17,0
DA:18,0
DA:19,0
DA:22,1
DA:23,1
DA:24,1
DA:26,1
DA:28,1
DA:29,1
DA:30,0
DA:31,0
DA:39,1
DA:41,1
DA:43,1
DA:44,1
DA:45,0
DA:46,0
DA:56,1
DA:58,1
DA:60,1
DA:61,1
DA:62,1
DA:63,1
DA:67,1
DA:68,2
DA:69,0
DA:70,0
DA:72,0
DA:75,1
DA:76,1
DA:77,2
DA:78,1
DA:80,2
DA:84,1
DA:85,1
DA:86,1
LF:40
LH:29
end_of_record
SF:lib\data\models\movie_response.dart
DA:7,3
DA:9,4
DA:10,4
DA:11,6
DA:12,6
DA:15,2
DA:16,5
DA:19,1
DA:20,2
LF:9
LH:9
end_of_record
SF:lib\data\repositories\movie_repository_impl.dart
DA:15,1
DA:20,1
DA:23,2
DA:24,5
DA:25,1
DA:27,1
DA:29,1
DA:30,3
DA:34,1
DA:37,2
DA:38,2
DA:39,1
DA:41,1
DA:43,1
DA:44,3
DA:48,1
DA:51,2
DA:52,3
DA:53,1
DA:55,1
DA:57,1
DA:58,3
DA:62,1
DA:65,2
DA:66,5
DA:67,1
DA:69,1
DA:71,1
DA:72,3
DA:76,1
DA:79,2
DA:80,5
DA:81,1
DA:83,1
DA:85,1
DA:86,3
DA:90,1
DA:93,2
DA:94,5
DA:95,1
DA:97,1
DA:99,0
DA:100,0
DA:104,1
DA:108,3
DA:109,1
DA:110,1
DA:111,3
DA:117,1
DA:121,3
DA:122,1
DA:123,1
DA:124,3
DA:128,1
DA:130,2
DA:134,1
DA:136,2
DA:137,5
LF:58
LH:56
end_of_record
SF:lib\domain\usecases\get_movie_detail.dart
DA:8,1
DA:11,1
DA:12,2
DA:15,6
DA:16,6
DA:20,1
DA:21,1
LF:7
LH:7
end_of_record
SF:lib\domain\usecases\get_movie_recommendations.dart
DA:9,1
DA:11,1
DA:12,2
LF:3
LH:3
end_of_record
SF:lib\domain\usecases\get_movie_watchlist_status.dart
DA:6,1
DA:8,1
DA:9,2
LF:3
LH:3
end_of_record
SF:lib\domain\usecases\get_now_playing_movies.dart
DA:9,1
DA:11,1
DA:12,2
LF:3
LH:3
end_of_record
SF:lib\domain\usecases\get_popular_movies.dart
DA:9,1
DA:11,1
DA:12,2
LF:3
LH:3
end_of_record
SF:lib\domain\usecases\get_top_rated_movies.dart
DA:9,1
DA:11,1
DA:12,2
LF:3
LH:3
end_of_record
SF:lib\domain\usecases\get_watchlist_movies.dart
DA:9,1
DA:11,1
DA:12,2
LF:3
LH:3
end_of_record
SF:lib\domain\usecases\remove_movie_watchlist.dart
DA:9,1
DA:11,1
DA:12,2
LF:3
LH:3
end_of_record
SF:lib\domain\usecases\save_watchlist.dart
DA:9,1
DA:11,1
DA:12,2
LF:3
LH:3
end_of_record
SF:lib\domain\usecases\search_movies.dart
DA:9,1
DA:11,1
DA:12,2
LF:3
LH:3
end_of_record
SF:lib\presentation\pages\detail_movie_page.dart
DA:11,1
DA:14,1
DA:15,1
DA:19,1
DA:21,1
DA:22,2
DA:23,6
DA:24,1
DA:25,1
DA:26,4
DA:27,6
DA:31,1
DA:33,2
DA:34,1
DA:35,1
DA:36,1
DA:37,1
DA:41,1
DA:42,1
DA:43,1
DA:44,1
DA:45,1
DA:47,3
DA:49,1
DA:51,2
DA:52,1
DA:53,1
DA:56,1
DA:59,1
DA:60,1
DA:62,1
DA:64,1
DA:65,0
DA:66,0
DA:80,1
DA:81,4
DA:82,1
DA:91,3
DA:93,1
DA:95,1
DA:96,1
DA:97,1
DA:98,1
DA:99,2
DA:100,1
DA:102,1
DA:104,1
DA:107,1
DA:108,1
DA:109,2
DA:110,1
DA:111,1
DA:112,1
DA:114,1
DA:116,1
DA:120,1
DA:122,4
DA:123,0
DA:124,0
DA:125,0
DA:127,1
DA:128,4
DA:129,1
DA:131,1
DA:133,1
DA:137,1
DA:139,1
DA:140,3
DA:141,1
DA:146,1
DA:151,1
DA:160,1
DA:161,1
DA:162,1
DA:163,1
DA:164,0
DA:165,0
DA:167,0
DA:168,0
DA:169,0
DA:170,0
DA:173,0
DA:174,0
DA:177,0
DA:178,0
DA:179,0
DA:180,0
DA:183,0
DA:184,0
DA:187,1
DA:189,1
DA:194,1
DA:196,1
DA:198,1
DA:200,1
DA:201,1
DA:208,0
DA:209,0
DA:211,0
DA:216,0
DA:218,0
DA:220,0
DA:222,0
DA:229,1
DA:232,1
DA:236,1
DA:239,1
DA:242,1
DA:243,1
DA:245,1
DA:250,1
DA:251,4
DA:253,2
DA:254,1
DA:260,1
DA:263,1
DA:265,1
DA:268,1
DA:270,1
DA:276,1
DA:277,1
DA:280,1
DA:282,1
DA:283,1
DA:287,1
DA:288,2
DA:289,1
DA:292,1
DA:294,1
DA:298,0
DA:300,0
DA:301,0
DA:302,0
DA:308,0
DA:309,0
DA:310,0
DA:323,1
DA:324,1
DA:325,1
LF:139
LH:106
end_of_record
SF:lib\presentation\pages\home_movies_page.dart
DA:12,1
DA:14,1
DA:15,1
DA:19,1
DA:21,1
DA:22,2
DA:23,4
DA:24,4
DA:25,4
DA:29,1
DA:31,1
DA:33,1
DA:36,1
DA:38,1
DA:40,1
DA:41,1
DA:42,0
DA:43,0
DA:52,1
DA:54,1
DA:55,1
DA:57,1
DA:58,1
DA:60,1
DA:62,1
DA:64,1
DA:65,1
DA:66,1
DA:67,1
DA:68,1
DA:69,1
DA:73,1
DA:74,1
DA:77,1
DA:78,1
DA:81,1
DA:82,0
DA:83,0
DA:87,0
DA:90,1
DA:92,1
DA:93,2
DA:94,1
DA:98,1
DA:99,1
DA:100,1
DA:111,1
DA:113,0
DA:114,0
DA:116,1
DA:118,1
DA:119,1
DA:120,1
DA:121,1
DA:122,1
DA:123,1
DA:127,1
DA:128,1
DA:130,2
DA:131,1
DA:132,2
DA:133,1
DA:137,1
DA:138,1
DA:139,1
DA:147,1
DA:149,0
DA:150,0
DA:152,1
DA:154,1
DA:155,1
DA:156,1
DA:157,1
DA:158,1
DA:159,1
DA:163,1
DA:164,1
DA:166,2
DA:167,1
DA:168,2
DA:169,1
DA:173,1
DA:174,1
DA:175,1
DA:190,1
DA:191,1
DA:193,1
DA:194,1
DA:196,1
DA:198,1
LF:90
LH:81
end_of_record
SF:lib\presentation\pages\now_playing_movie_page.dart
DA:11,1
DA:13,1
DA:14,1
DA:18,1
DA:20,1
DA:21,2
DA:22,4
DA:26,1
DA:28,1
DA:30,1
DA:33,1
DA:35,1
DA:37,1
DA:38,1
DA:39,0
DA:40,0
DA:49,1
DA:51,1
DA:52,1
DA:53,1
DA:57,1
DA:58,1
DA:59,2
DA:60,1
DA:61,2
DA:62,1
DA:66,1
DA:67,1
DA:68,1
LF:29
LH:27
end_of_record
SF:lib\presentation\pages\popular_movie_page.dart
DA:11,1
DA:13,1
DA:14,1
DA:18,1
DA:20,1
DA:21,2
DA:22,4
DA:26,1
DA:28,1
DA:30,1
DA:33,1
DA:35,1
DA:37,1
DA:38,1
DA:39,0
DA:40,0
DA:49,1
DA:51,1
DA:52,1
DA:53,1
DA:57,1
DA:58,1
DA:59,2
DA:60,1
DA:61,2
DA:62,1
DA:66,1
DA:67,1
DA:68,1
LF:29
LH:27
end_of_record
SF:lib\presentation\pages\top_rated_movie_page.dart
DA:11,1
DA:13,1
DA:14,1
DA:18,1
DA:20,1
DA:21,2
DA:22,4
DA:26,1
DA:28,1
DA:30,1
DA:33,1
DA:35,1
DA:37,1
DA:38,1
DA:39,0
DA:40,0
DA:49,1
DA:51,1
DA:52,1
DA:53,1
DA:57,1
DA:58,1
DA:59,2
DA:60,1
DA:61,2
DA:62,1
DA:66,1
DA:67,1
DA:68,1
LF:29
LH:27
end_of_record
SF:lib\presentation\bloc\movie_state.dart
DA:4,26
DA:6,7
DA:7,7
DA:17,20
DA:19,7
DA:20,14
DA:26,11
DA:28,5
DA:29,10
DA:35,2
DA:37,1
DA:38,2
DA:44,1
DA:46,1
DA:47,2
DA:53,2
DA:55,1
DA:56,2
DA:62,3
DA:64,1
DA:65,2
LF:21
LH:21
end_of_record
SF:lib\presentation\bloc\movie_event.dart
DA:4,12
DA:15,2
DA:20,2
DA:27,2
DA:33,1
DA:38,1
DA:43,1
DA:46,1
DA:47,3
LF:9
LH:9
end_of_record
SF:lib\presentation\bloc\movie_bloc.dart
DA:14,3
DA:15,2
DA:16,1
DA:17,2
DA:19,2
DA:21,1
DA:22,2
DA:23,2
DA:25,2
DA:26,1
DA:29,1
DA:36,3
DA:37,2
DA:38,2
DA:40,2
DA:42,1
DA:43,2
DA:44,2
DA:46,2
DA:47,1
DA:57,3
DA:58,2
DA:59,2
DA:61,2
DA:63,1
DA:64,2
DA:65,2
DA:67,2
DA:68,1
DA:78,3
DA:79,2
DA:80,2
DA:82,2
DA:84,1
DA:85,2
DA:86,2
DA:88,2
DA:89,1
DA:99,3
DA:100,2
DA:101,1
DA:102,2
DA:103,2
DA:104,1
DA:105,2
DA:106,2
DA:108,2
DA:109,1
DA:119,3
DA:120,2
DA:121,1
DA:122,2
DA:124,2
DA:125,1
DA:126,2
DA:127,2
DA:129,2
DA:130,1
DA:146,1
DA:151,2
DA:152,2
DA:153,2
DA:154,2
DA:155,1
DA:156,2
DA:157,2
DA:159,2
DA:160,1
DA:165,2
DA:166,1
DA:168,2
DA:171,2
DA:172,2
DA:175,2
DA:176,1
DA:178,2
DA:181,2
DA:183,1
DA:184,2
DA:185,2
DA:187,2
DA:188,1
DA:193,2
DA:194,1
DA:196,2
DA:199,2
DA:201,1
DA:202,2
DA:203,2
DA:205,2
DA:206,1
LF:91
LH:91
end_of_record
SF:lib\presentation\widgets\card_movie.dart
DA:11,1
DA:12,1
DA:14,1
DA:17,1
DA:18,0
DA:19,0
DA:20,0
DA:23,0
DA:26,0
DA:29,0
DA:33,1
DA:35,1
DA:36,1
DA:40,1
DA:41,3
DA:45,1
DA:46,2
DA:49,1
LF:18
LH:12
end_of_record
SF:lib\presentation\widgets\card_movie_list.dart
DA:13,4
DA:15,4
DA:17,8
DA:18,4
DA:19,12
DA:20,0
DA:21,0
DA:22,0
DA:24,4
DA:26,4
DA:27,4
DA:29,4
DA:31,4
DA:32,12
DA:39,4
DA:42,4
DA:43,4
DA:44,4
DA:45,4
DA:46,8
DA:49,4
DA:55,4
DA:56,4
DA:57,4
DA:58,16
DA:60,4
DA:66,4
DA:67,12
DA:68,4
DA:75,4
DA:76,4
DA:77,4
DA:78,16
DA:80,8
DA:83,4
LF:35
LH:32
end_of_record
