SF:lib\data\datasource\movie_local_data_source.dart
DA:14,1
DA:16,1
DA:19,2
DA:22,2
DA:26,1
DA:29,2
DA:32,2
DA:36,1
DA:38,2
DA:40,1
DA:46,1
DA:48,2
DA:49,4
LF:13
LH:13
end_of_record
SF:lib\data\models\movie_table.dart
DA:11,2
DA:19,2
DA:20,1
DA:21,1
DA:22,1
DA:23,1
DA:24,1
DA:26,2
DA:27,1
DA:28,1
DA:29,1
DA:30,1
DA:31,1
DA:34,0
DA:35,0
DA:36,0
DA:37,0
DA:38,0
DA:39,0
DA:42,2
DA:43,1
DA:44,1
DA:45,1
DA:46,1
DA:47,1
DA:50,2
DA:51,12
LF:27
LH:21
end_of_record
SF:lib\domain\entities\movie.dart
DA:4,21
DA:34,7
DA:35,7
DA:36,7
DA:37,7
DA:38,7
DA:39,7
DA:40,7
DA:41,7
DA:42,7
DA:43,7
DA:44,7
DA:45,7
DA:46,7
DA:47,7
DA:48,7
LF:16
LH:16
end_of_record
SF:lib\domain\entities\movie_detail.dart
DA:5,7
DA:20,1
DA:40,3
DA:41,3
DA:42,3
DA:43,3
DA:44,3
DA:45,3
DA:46,3
DA:47,3
DA:48,3
DA:49,3
DA:50,3
DA:51,3
DA:52,3
LF:15
LH:15
end_of_record
SF:lib\data\models\movie_detail_model.dart
DA:6,2
DA:52,1
DA:53,1
DA:54,1
DA:55,1
DA:56,1
DA:57,1
DA:58,4
DA:59,1
DA:60,1
DA:61,1
DA:62,1
DA:63,1
DA:64,1
DA:65,2
DA:66,1
DA:67,1
DA:68,1
DA:69,1
DA:70,1
DA:71,1
DA:72,1
DA:73,1
DA:74,2
DA:75,1
DA:78,0
DA:79,0
DA:80,0
DA:81,0
DA:82,0
DA:83,0
DA:84,0
DA:85,0
DA:86,0
DA:87,0
DA:88,0
DA:89,0
DA:90,0
DA:91,0
DA:92,0
DA:93,0
DA:94,0
DA:95,0
DA:96,0
DA:97,0
DA:98,0
DA:99,0
DA:102,1
DA:103,1
DA:104,1
DA:105,1
DA:106,5
DA:107,1
DA:108,1
DA:109,1
DA:110,1
DA:111,1
DA:112,1
DA:113,1
DA:114,1
DA:115,1
DA:119,1
DA:120,1
DA:121,1
DA:122,1
DA:123,1
DA:124,1
DA:125,1
DA:126,1
DA:127,1
DA:128,1
DA:129,1
DA:130,1
DA:131,1
DA:132,1
DA:133,1
DA:134,1
DA:135,1
DA:136,1
DA:137,1
DA:138,1
DA:139,1
DA:140,1
DA:141,1
LF:84
LH:62
end_of_record
SF:lib\data\models\movie_model.dart
DA:5,5
DA:35,4
DA:36,2
DA:37,2
DA:38,8
DA:39,2
DA:40,2
DA:41,2
DA:42,4
DA:43,2
DA:44,2
DA:45,2
DA:46,2
DA:47,4
DA:48,2
DA:51,2
DA:52,1
DA:53,1
DA:54,4
DA:55,1
DA:56,1
DA:57,1
DA:58,1
DA:59,1
DA:60,1
DA:61,1
DA:62,1
DA:63,1
DA:64,1
DA:67,2
DA:68,2
DA:69,2
DA:70,2
DA:71,2
DA:72,2
DA:73,2
DA:74,2
DA:75,2
DA:76,2
DA:77,2
DA:78,2
DA:79,2
DA:80,2
DA:81,2
DA:85,2
DA:86,2
DA:87,2
DA:88,2
DA:89,2
DA:90,2
DA:91,2
DA:92,2
DA:93,2
DA:94,2
DA:95,2
DA:96,2
DA:97,2
DA:98,2
DA:99,2
LF:59
LH:59
end_of_record
SF:lib\data\datasource\movie_remote_data_source.dart
DA:23,1
DA:25,1
DA:28,4
DA:29,2
DA:30,4
DA:32,1
DA:36,1
DA:38,4
DA:39,2
DA:40,3
DA:42,1
DA:46,1
DA:48,1
DA:49,3
DA:50,2
DA:51,4
DA:53,1
DA:57,1
DA:60,4
DA:61,2
DA:62,4
DA:64,1
DA:68,1
DA:71,4
DA:72,2
DA:73,4
DA:75,1
DA:79,1
DA:81,1
DA:82,3
DA:83,2
DA:84,4
DA:86,1
LF:33
LH:33
end_of_record
SF:lib\presentation\pages\search_movie_page.dart
DA:11,0
DA:13,0
DA:15,0
DA:16,0
DA:17,0
DA:18,0
DA:19,0
DA:22,0
DA:23,0
DA:24,0
DA:26,0
DA:28,0
DA:29,0
DA:30,0
DA:31,0
DA:39,0
DA:41,0
DA:43,0
DA:44,0
DA:45,0
DA:46,0
DA:56,0
DA:58,0
DA:60,0
DA:61,0
DA:62,0
DA:63,0
DA:67,0
DA:68,0
DA:69,0
DA:70,0
DA:72,0
DA:75,0
DA:76,0
DA:77,0
DA:78,0
DA:80,0
DA:84,0
DA:85,0
DA:87,0
LF:40
LH:0
end_of_record
SF:lib\data\models\movie_response.dart
DA:7,3
DA:9,4
DA:10,4
DA:11,6
DA:12,6
DA:15,2
DA:16,5
DA:19,1
DA:20,2
LF:9
LH:9
end_of_record
SF:lib\data\repositories\movie_repository_impl.dart
DA:15,1
DA:20,1
DA:23,2
DA:24,5
DA:25,1
DA:27,1
DA:29,0
DA:30,0
DA:32,0
DA:36,1
DA:39,2
DA:40,2
DA:41,1
DA:43,1
DA:45,0
DA:46,0
DA:48,0
DA:52,1
DA:55,2
DA:56,3
DA:57,1
DA:59,1
DA:61,0
DA:62,0
DA:64,0
DA:68,1
DA:71,2
DA:72,5
DA:73,1
DA:75,1
DA:77,0
DA:78,0
DA:80,0
DA:84,1
DA:87,2
DA:88,5
DA:89,1
DA:91,1
DA:93,0
DA:94,0
DA:96,0
DA:100,1
DA:103,2
DA:104,5
DA:105,1
DA:107,1
DA:109,0
DA:110,0
DA:112,0
DA:116,1
DA:120,3
DA:121,1
DA:122,1
DA:123,3
DA:129,1
DA:133,3
DA:134,1
DA:135,1
DA:136,3
DA:140,1
DA:142,2
DA:146,1
DA:148,2
DA:149,5
LF:64
LH:46
end_of_record
SF:lib\domain\usecases\get_movie_detail.dart
DA:8,1
DA:11,1
DA:12,2
DA:15,0
DA:16,0
DA:20,0
DA:21,0
LF:7
LH:3
end_of_record
SF:lib\domain\usecases\get_movie_recommendations.dart
DA:9,1
DA:11,1
DA:12,2
LF:3
LH:3
end_of_record
SF:lib\domain\usecases\get_movie_watchlist_status.dart
DA:6,1
DA:8,1
DA:9,2
LF:3
LH:3
end_of_record
SF:lib\domain\usecases\get_now_playing_movies.dart
DA:9,1
DA:11,1
DA:12,2
LF:3
LH:3
end_of_record
SF:lib\domain\usecases\get_popular_movies.dart
DA:9,1
DA:11,1
DA:12,2
LF:3
LH:3
end_of_record
SF:lib\domain\usecases\get_top_rated_movies.dart
DA:9,1
DA:11,1
DA:12,2
LF:3
LH:3
end_of_record
SF:lib\domain\usecases\get_watchlist_movies.dart
DA:9,1
DA:11,1
DA:12,2
LF:3
LH:3
end_of_record
SF:lib\domain\usecases\remove_movie_watchlist.dart
DA:9,1
DA:11,1
DA:12,2
LF:3
LH:3
end_of_record
SF:lib\domain\usecases\save_watchlist.dart
DA:9,1
DA:11,1
DA:12,2
LF:3
LH:3
end_of_record
SF:lib\domain\usecases\search_movies.dart
DA:9,1
DA:11,1
DA:12,2
LF:3
LH:3
end_of_record
SF:lib\presentation\pages\detail_movie_page.dart
DA:11,0
DA:14,0
DA:15,0
DA:19,0
DA:21,0
DA:22,0
DA:23,0
DA:24,0
DA:25,0
DA:26,0
DA:27,0
DA:31,0
DA:33,0
DA:34,0
DA:35,0
DA:36,0
DA:37,0
DA:41,0
DA:42,0
DA:43,0
DA:44,0
DA:45,0
DA:47,0
DA:49,0
DA:51,0
DA:52,0
DA:53,0
DA:56,0
DA:59,0
DA:60,0
DA:62,0
DA:64,0
DA:65,0
DA:66,0
DA:80,0
DA:81,0
DA:82,0
DA:91,0
DA:93,0
DA:95,0
DA:96,0
DA:97,0
DA:98,0
DA:99,0
DA:100,0
DA:102,0
DA:104,0
DA:107,0
DA:108,0
DA:109,0
DA:110,0
DA:111,0
DA:112,0
DA:114,0
DA:116,0
DA:120,0
DA:122,0
DA:123,0
DA:124,0
DA:125,0
DA:127,0
DA:128,0
DA:129,0
DA:131,0
DA:133,0
DA:137,0
DA:139,0
DA:140,0
DA:141,0
DA:146,0
DA:151,0
DA:160,0
DA:161,0
DA:162,0
DA:163,0
DA:164,0
DA:165,0
DA:167,0
DA:168,0
DA:169,0
DA:170,0
DA:173,0
DA:174,0
DA:177,0
DA:178,0
DA:179,0
DA:180,0
DA:183,0
DA:184,0
DA:187,0
DA:189,0
DA:194,0
DA:196,0
DA:198,0
DA:200,0
DA:201,0
DA:208,0
DA:209,0
DA:211,0
DA:216,0
DA:218,0
DA:220,0
DA:222,0
DA:229,0
DA:232,0
DA:236,0
DA:239,0
DA:242,0
DA:243,0
DA:245,0
DA:250,0
DA:251,0
DA:253,0
DA:254,0
DA:260,0
DA:263,0
DA:265,0
DA:268,0
DA:270,0
DA:276,0
DA:277,0
DA:280,0
DA:282,0
DA:283,0
DA:287,0
DA:288,0
DA:289,0
DA:292,0
DA:294,0
DA:298,0
DA:300,0
DA:301,0
DA:302,0
DA:308,0
DA:309,0
DA:311,0
DA:324,0
DA:325,0
DA:327,0
LF:139
LH:0
end_of_record
SF:lib\presentation\pages\home_movies_page.dart
DA:12,0
DA:14,0
DA:15,0
DA:19,0
DA:21,0
DA:22,0
DA:23,0
DA:24,0
DA:25,0
DA:29,0
DA:31,0
DA:33,0
DA:36,0
DA:38,0
DA:40,0
DA:41,0
DA:42,0
DA:43,0
DA:52,0
DA:54,0
DA:55,0
DA:57,0
DA:58,0
DA:60,0
DA:62,0
DA:64,0
DA:65,0
DA:66,0
DA:67,0
DA:68,0
DA:69,0
DA:73,0
DA:74,0
DA:77,0
DA:78,0
DA:81,0
DA:82,0
DA:83,0
DA:87,0
DA:90,0
DA:92,0
DA:93,0
DA:94,0
DA:98,0
DA:99,0
DA:101,0
DA:113,0
DA:115,0
DA:116,0
DA:118,0
DA:120,0
DA:121,0
DA:122,0
DA:123,0
DA:124,0
DA:125,0
DA:129,0
DA:130,0
DA:132,0
DA:133,0
DA:134,0
DA:135,0
DA:139,0
DA:140,0
DA:142,0
DA:151,0
DA:153,0
DA:154,0
DA:156,0
DA:158,0
DA:159,0
DA:160,0
DA:161,0
DA:162,0
DA:163,0
DA:167,0
DA:168,0
DA:170,0
DA:171,0
DA:172,0
DA:173,0
DA:177,0
DA:178,0
DA:180,0
DA:196,0
DA:197,0
DA:199,0
DA:200,0
DA:202,0
DA:204,0
LF:90
LH:0
end_of_record
SF:lib\presentation\pages\now_playing_movie_page.dart
DA:11,0
DA:13,0
DA:14,0
DA:18,0
DA:20,0
DA:21,0
DA:22,0
DA:26,0
DA:28,0
DA:30,0
DA:33,0
DA:35,0
DA:37,0
DA:38,0
DA:39,0
DA:40,0
DA:49,0
DA:51,0
DA:52,0
DA:53,0
DA:57,0
DA:58,0
DA:59,0
DA:60,0
DA:61,0
DA:62,0
DA:66,0
DA:67,0
DA:69,0
LF:29
LH:0
end_of_record
SF:lib\presentation\pages\popular_movie_page.dart
DA:11,0
DA:13,0
DA:14,0
DA:18,0
DA:20,0
DA:21,0
DA:22,0
DA:26,0
DA:28,0
DA:30,0
DA:33,0
DA:35,0
DA:37,0
DA:38,0
DA:39,0
DA:40,0
DA:49,0
DA:51,0
DA:52,0
DA:53,0
DA:57,0
DA:58,0
DA:59,0
DA:60,0
DA:61,0
DA:62,0
DA:66,0
DA:67,0
DA:69,0
LF:29
LH:0
end_of_record
SF:lib\presentation\pages\top_rated_movie_page.dart
DA:11,0
DA:13,0
DA:14,0
DA:18,0
DA:20,0
DA:21,0
DA:22,0
DA:26,0
DA:28,0
DA:30,0
DA:33,0
DA:35,0
DA:37,0
DA:38,0
DA:39,0
DA:40,0
DA:49,0
DA:51,0
DA:52,0
DA:53,0
DA:57,0
DA:58,0
DA:59,0
DA:60,0
DA:61,0
DA:62,0
DA:66,0
DA:67,0
DA:69,0
LF:29
LH:0
end_of_record
SF:lib\presentation\widgets\watchlist_movie.dart
DA:14,0
DA:16,0
DA:18,0
DA:19,0
DA:20,0
DA:21,0
DA:23,0
DA:26,0
DA:27,0
DA:29,0
DA:31,0
DA:32,0
DA:34,0
DA:44,0
DA:47,0
DA:48,0
DA:49,0
DA:50,0
DA:51,0
DA:54,0
DA:60,0
DA:61,0
DA:62,0
DA:63,0
DA:65,0
DA:71,0
DA:72,0
DA:73,0
DA:80,0
DA:81,0
DA:82,0
DA:83,0
DA:86,0
DA:91,0
DA:92,0
DA:96,0
DA:97,0
DA:99,0
DA:100,0
DA:101,0
DA:103,0
DA:104,0
DA:105,0
DA:106,0
DA:107,0
DA:109,0
DA:112,0
DA:113,0
DA:115,0
DA:116,0
DA:117,0
DA:119,0
LF:52
LH:0
end_of_record
SF:lib\presentation\bloc\movie_state.dart
DA:4,14
DA:6,7
DA:7,7
DA:17,14
DA:19,7
DA:20,14
DA:26,5
DA:28,5
DA:29,10
DA:35,1
DA:37,1
DA:38,2
DA:44,1
DA:46,1
DA:47,2
DA:53,2
DA:55,1
DA:56,2
DA:62,2
DA:64,1
DA:65,2
LF:21
LH:21
end_of_record
SF:lib\presentation\bloc\movie_event.dart
DA:4,7
DA:6,0
DA:7,0
DA:18,1
DA:19,0
DA:20,0
DA:25,1
DA:26,0
DA:27,0
DA:34,1
DA:36,0
DA:37,0
DA:43,1
DA:45,0
DA:46,0
DA:51,1
DA:53,0
DA:54,0
DA:59,1
DA:61,0
DA:62,0
DA:65,0
DA:66,0
LF:23
LH:7
end_of_record
SF:lib\presentation\bloc\movie_bloc.dart
DA:14,3
DA:15,2
DA:16,1
DA:17,2
DA:19,2
DA:21,1
DA:22,2
DA:23,2
DA:25,2
DA:26,1
DA:36,3
DA:37,2
DA:38,2
DA:40,2
DA:42,1
DA:43,2
DA:44,2
DA:46,2
DA:47,1
DA:57,3
DA:58,2
DA:59,2
DA:61,2
DA:63,1
DA:64,2
DA:65,2
DA:67,2
DA:68,1
DA:78,3
DA:79,2
DA:80,2
DA:82,2
DA:84,1
DA:85,2
DA:86,2
DA:88,2
DA:89,1
DA:99,3
DA:100,2
DA:101,1
DA:102,2
DA:103,2
DA:104,1
DA:105,2
DA:106,2
DA:108,2
DA:109,1
DA:119,3
DA:120,2
DA:121,1
DA:122,2
DA:124,2
DA:125,1
DA:126,2
DA:127,2
DA:129,2
DA:130,1
DA:146,1
DA:151,2
DA:152,2
DA:153,2
DA:154,2
DA:155,1
DA:156,2
DA:157,2
DA:159,2
DA:160,1
DA:165,2
DA:166,1
DA:168,2
DA:171,2
DA:172,2
DA:175,2
DA:176,1
DA:178,2
DA:181,2
DA:183,1
DA:184,2
DA:185,2
DA:187,2
DA:188,1
DA:193,2
DA:194,1
DA:196,2
DA:199,2
DA:201,1
DA:202,2
DA:203,2
DA:205,2
DA:206,1
LF:90
LH:90
end_of_record
SF:lib\presentation\widgets\card_movie.dart
DA:10,0
DA:11,0
DA:13,0
DA:16,0
DA:17,0
DA:18,0
DA:21,0
DA:24,0
DA:26,0
DA:27,0
DA:31,0
DA:32,0
DA:36,0
DA:37,0
DA:40,0
LF:15
LH:0
end_of_record
SF:lib\presentation\widgets\card_movie_list.dart
DA:13,0
DA:15,0
DA:17,0
DA:18,0
DA:19,0
DA:20,0
DA:21,0
DA:22,0
DA:24,0
DA:26,0
DA:27,0
DA:29,0
DA:31,0
DA:32,0
DA:39,0
DA:42,0
DA:43,0
DA:44,0
DA:45,0
DA:46,0
DA:49,0
DA:55,0
DA:56,0
DA:57,0
DA:58,0
DA:60,0
DA:66,0
DA:67,0
DA:68,0
DA:75,0
DA:76,0
DA:77,0
DA:78,0
DA:80,0
DA:83,0
LF:35
LH:0
end_of_record
